"../../../Engine/Content/EditorResources/S_Actor.ubulk" 0
"../../../Engine/Content/EditorResources/S_Actor.uasset" 1
"../../../Engine/Content/EditorResources/S_Actor.uexp" 2
"../../../Engine/Content/EditorResources/S_BoxReflectionCapture.uasset" 3
"../../../Engine/Content/EditorResources/S_BoxReflectionCapture.uexp" 4
"../../../Engine/Content/EngineResources/DefaultTexture.ubulk" 5
"../../../Engine/Content/EngineResources/DefaultTexture.uasset" 6
"../../../Engine/Content/EngineResources/DefaultTexture.uexp" 7
"../../../Engine/Content/EngineResources/DefaultTextureCube.uasset" 8
"../../../Engine/Content/EngineResources/DefaultTextureCube.uexp" 9
"../../../Engine/Content/EngineResources/DefaultVolumeTexture2D.uasset" 10
"../../../Engine/Content/EngineResources/DefaultVolumeTexture2D.uexp" 11
"../../../Engine/Content/EngineResources/DefaultVolumeTexture.uasset" 12
"../../../Engine/Content/EngineResources/DefaultVolumeTexture.uexp" 13
"../../../Engine/Content/EditorResources/S_Trigger.ubulk" 14
"../../../Engine/Content/EditorResources/S_Trigger.uasset" 15
"../../../Engine/Content/EditorResources/S_Trigger.uexp" 16
"../../../Engine/Content/EditorResources/S_TriggerBox.uasset" 17
"../../../Engine/Content/EditorResources/S_TriggerBox.uexp" 18
"../../../Engine/Content/EditorResources/S_TriggerCapsule.uasset" 19
"../../../Engine/Content/EditorResources/S_TriggerCapsule.uexp" 20
"../../../Engine/Content/EditorResources/S_TriggerSphere.uasset" 21
"../../../Engine/Content/EditorResources/S_TriggerSphere.uexp" 22
"../../../Engine/Content/EngineMeshes/Sphere.ubulk" 23
"../../../Engine/Content/EngineMeshes/Sphere.uasset" 24
"../../../Engine/Content/EngineMeshes/Sphere.uexp" 25
"../../../Engine/Content/EngineResources/GradientTexture0.uasset" 26
"../../../Engine/Content/EngineResources/GradientTexture0.uexp" 27
"../../../Engine/Content/EngineResources/Black.uasset" 28
"../../../Engine/Content/EngineResources/Black.uexp" 29
"../../../Engine/Content/VREditor/LaserPointer/VR_LaserPower_01.ubulk" 30
"../../../Engine/Content/VREditor/LaserPointer/VR_LaserPower_01.uasset" 31
"../../../Engine/Content/VREditor/LaserPointer/VR_LaserPower_01.uexp" 32
"../../../Engine/Content/VREditor/TransformGizmo/TransformGizmoMaterial.uasset" 33
"../../../Engine/Content/VREditor/TransformGizmo/TransformGizmoMaterial.uexp" 34
"../../../Engine/Content/VREditor/TransformGizmo/TranslucentTransformGizmoMaterial.uasset" 35
"../../../Engine/Content/VREditor/TransformGizmo/TranslucentTransformGizmoMaterial.uexp" 36
"../../../Engine/Content/VREditor/TransformGizmo/BoundingBoxCorner.ubulk" 37
"../../../Engine/Content/VREditor/TransformGizmo/BoundingBoxCorner.uasset" 38
"../../../Engine/Content/VREditor/TransformGizmo/BoundingBoxCorner.uexp" 39
"../../../Engine/Content/VREditor/TransformGizmo/BoundingBoxEdge.ubulk" 40
"../../../Engine/Content/VREditor/TransformGizmo/BoundingBoxEdge.uasset" 41
"../../../Engine/Content/VREditor/TransformGizmo/BoundingBoxEdge.uexp" 42
"../../../Engine/Content/VREditor/TransformGizmo/Main.uasset" 43
"../../../Engine/Content/VREditor/TransformGizmo/Main.uexp" 44
"../../../Engine/Content/VREditor/TransformGizmo/Xray.uasset" 45
"../../../Engine/Content/VREditor/TransformGizmo/Xray.uexp" 46
"../../../Engine/Content/VREditor/TransformGizmo/SM_Sequencer_Node.ubulk" 47
"../../../Engine/Content/VREditor/TransformGizmo/SM_Sequencer_Node.uasset" 48
"../../../Engine/Content/VREditor/TransformGizmo/SM_Sequencer_Node.uexp" 49
"../../../Engine/Content/EditorResources/S_Solver.ubulk" 50
"../../../Engine/Content/EditorResources/S_Solver.uasset" 51
"../../../Engine/Content/EditorResources/S_Solver.uexp" 52
"../../../Engine/Content/EditorMaterials/Camera/CineMat.uasset" 53
"../../../Engine/Content/EditorMaterials/Camera/CineMat.uexp" 54
"../../../Engine/Content/EditorMaterials/Camera/MI_CineMat_Rig.uasset" 55
"../../../Engine/Content/EditorMaterials/Camera/MI_CineMat_Rig.uexp" 56
"../../../Engine/Content/EditorMeshes/Camera/SM_CraneRig_Base.ubulk" 57
"../../../Engine/Content/EditorMeshes/Camera/SM_CraneRig_Base.uasset" 58
"../../../Engine/Content/EditorMeshes/Camera/SM_CraneRig_Base.uexp" 59
"../../../Engine/Content/EditorMeshes/Camera/SM_CraneRig_Arm.ubulk" 60
"../../../Engine/Content/EditorMeshes/Camera/SM_CraneRig_Arm.uasset" 61
"../../../Engine/Content/EditorMeshes/Camera/SM_CraneRig_Arm.uexp" 62
"../../../Engine/Content/EditorMeshes/Camera/SM_CraneRig_Mount.ubulk" 63
"../../../Engine/Content/EditorMeshes/Camera/SM_CraneRig_Mount.uasset" 64
"../../../Engine/Content/EditorMeshes/Camera/SM_CraneRig_Mount.uexp" 65
"../../../Engine/Content/EditorMeshes/Camera/SM_CraneRig_Body.ubulk" 66
"../../../Engine/Content/EditorMeshes/Camera/SM_CraneRig_Body.uasset" 67
"../../../Engine/Content/EditorMeshes/Camera/SM_CraneRig_Body.uexp" 68
"../../../Engine/Content/EditorMeshes/Camera/SM_RailRig_Track.ubulk" 69
"../../../Engine/Content/EditorMeshes/Camera/SM_RailRig_Track.uasset" 70
"../../../Engine/Content/EditorMeshes/Camera/SM_RailRig_Track.uexp" 71
"../../../Engine/Content/EditorMeshes/Camera/SM_RailRig_Mount.ubulk" 72
"../../../Engine/Content/EditorMeshes/Camera/SM_RailRig_Mount.uasset" 73
"../../../Engine/Content/EditorMeshes/Camera/SM_RailRig_Mount.uexp" 74
"../../../Engine/Content/EngineMaterials/T_Default_Material_Grid_M.ubulk" 75
"../../../Engine/Content/EngineMaterials/T_Default_Material_Grid_M.uasset" 76
"../../../Engine/Content/EngineMaterials/T_Default_Material_Grid_M.uexp" 77
"../../../Engine/Content/EngineMaterials/T_Default_Material_Grid_N.ubulk" 78
"../../../Engine/Content/EngineMaterials/T_Default_Material_Grid_N.uasset" 79
"../../../Engine/Content/EngineMaterials/T_Default_Material_Grid_N.uexp" 80
"../../../Engine/Content/Functions/Engine_MaterialFunctions01/Opacity/CameraDepthFade.uasset" 81
"../../../Engine/Content/Functions/Engine_MaterialFunctions01/Opacity/CameraDepthFade.uexp" 82
"../../../Engine/Content/EngineMaterials/WorldGridMaterial.uasset" 83
"../../../Engine/Content/EngineMaterials/WorldGridMaterial.uexp" 84
"../../../Engine/Content/ArtTools/RenderToTexture/Meshes/S_1_Unit_Plane.ubulk" 85
"../../../Engine/Content/ArtTools/RenderToTexture/Meshes/S_1_Unit_Plane.uasset" 86
"../../../Engine/Content/ArtTools/RenderToTexture/Meshes/S_1_Unit_Plane.uexp" 87
"../../../Engine/Content/EditorMaterials/ParticleSystems/PSysThumbnail_NoImage.ubulk" 88
"../../../Engine/Content/EditorMaterials/ParticleSystems/PSysThumbnail_NoImage.uasset" 89
"../../../Engine/Content/EditorMaterials/ParticleSystems/PSysThumbnail_NoImage.uexp" 90
"../../../Engine/Content/EditorMaterials/ParticleSystems/PSysThumbnail_OOD.ubulk" 91
"../../../Engine/Content/EditorMaterials/ParticleSystems/PSysThumbnail_OOD.uasset" 92
"../../../Engine/Content/EditorMaterials/ParticleSystems/PSysThumbnail_OOD.uexp" 93
"../../../Engine/Content/EditorLandscapeResources/SplineEditorMeshMat.uasset" 94
"../../../Engine/Content/EditorLandscapeResources/SplineEditorMeshMat.uexp" 95
"../../../Engine/Content/EditorLandscapeResources/SplineEditorMesh.ubulk" 96
"../../../Engine/Content/EditorLandscapeResources/SplineEditorMesh.uasset" 97
"../../../Engine/Content/EditorLandscapeResources/SplineEditorMesh.uexp" 98
"../../../Engine/Plugins/Media/MediaPlate/Content/SM_MediaPlateScreen.ubulk" 99
"../../../Engine/Plugins/Media/MediaPlate/Content/SM_MediaPlateScreen.uasset" 100
"../../../Engine/Plugins/Media/MediaPlate/Content/SM_MediaPlateScreen.uexp" 101
"../../../Engine/Content/EngineMaterials/DefaultBokeh.uasset" 102
"../../../Engine/Content/EngineMaterials/DefaultBokeh.uexp" 103
"../../../Engine/Content/EngineMaterials/MiniFont.uasset" 104
"../../../Engine/Content/EngineMaterials/MiniFont.uexp" 105
"../../../Engine/Content/EngineMaterials/WeightMapPlaceholderTexture.uasset" 106
"../../../Engine/Content/EngineMaterials/WeightMapPlaceholderTexture.uexp" 107
"../../../Engine/Content/EngineMaterials/WeightMapArrayPlaceholderTexture.uasset" 108
"../../../Engine/Content/EngineMaterials/WeightMapArrayPlaceholderTexture.uexp" 109
"../../../Engine/Content/EngineMaterials/DefaultWhiteGrid.ubulk" 110
"../../../Engine/Content/EngineMaterials/DefaultWhiteGrid.uasset" 111
"../../../Engine/Content/EngineMaterials/DefaultWhiteGrid.uexp" 112
"../../../Engine/Content/EngineMaterials/PreintegratedSkinBRDF.uasset" 113
"../../../Engine/Content/EngineMaterials/PreintegratedSkinBRDF.uexp" 114
"C:/Users/Barti/source/repos/UnrealEngine5Projects/FinalSnakeUE5/Content/Blueprints/Assets/SnakeHead/1K-Snake_Skin_ambientOcclusion.ubulk" 115
"C:/Users/Barti/source/repos/UnrealEngine5Projects/FinalSnakeUE5/Content/Blueprints/Assets/SnakeHead/1K-Snake_Skin_ambientOcclusion.uasset" 116
"C:/Users/Barti/source/repos/UnrealEngine5Projects/FinalSnakeUE5/Content/Blueprints/Assets/SnakeHead/1K-Snake_Skin_ambientOcclusion.uexp" 117
"C:/Users/Barti/source/repos/UnrealEngine5Projects/FinalSnakeUE5/Content/Blueprints/Assets/SnakeHead/1K-Snake_Skin_diffuse.ubulk" 118
"C:/Users/Barti/source/repos/UnrealEngine5Projects/FinalSnakeUE5/Content/Blueprints/Assets/SnakeHead/1K-Snake_Skin_diffuse.uasset" 119
"C:/Users/Barti/source/repos/UnrealEngine5Projects/FinalSnakeUE5/Content/Blueprints/Assets/SnakeHead/1K-Snake_Skin_diffuse.uexp" 120
"C:/Users/Barti/source/repos/UnrealEngine5Projects/FinalSnakeUE5/Content/Blueprints/Assets/SnakeHead/M_SnakeOpacityMaterial.uasset" 121
"C:/Users/Barti/source/repos/UnrealEngine5Projects/FinalSnakeUE5/Content/Blueprints/Assets/SnakeHead/M_SnakeOpacityMaterial.uexp" 122
"C:/Users/Barti/source/repos/UnrealEngine5Projects/FinalSnakeUE5/Content/Blueprints/Assets/SnakeHead/1K-Snake_Skin_normal.ubulk" 123
"C:/Users/Barti/source/repos/UnrealEngine5Projects/FinalSnakeUE5/Content/Blueprints/Assets/SnakeHead/1K-Snake_Skin_normal.uasset" 124
"C:/Users/Barti/source/repos/UnrealEngine5Projects/FinalSnakeUE5/Content/Blueprints/Assets/SnakeHead/1K-Snake_Skin_normal.uexp" 125
"C:/Users/Barti/source/repos/UnrealEngine5Projects/FinalSnakeUE5/Content/Blueprints/Assets/SnakeHead/1K-Snake_Skin_specular.ubulk" 126
"C:/Users/Barti/source/repos/UnrealEngine5Projects/FinalSnakeUE5/Content/Blueprints/Assets/SnakeHead/1K-Snake_Skin_specular.uasset" 127
"C:/Users/Barti/source/repos/UnrealEngine5Projects/FinalSnakeUE5/Content/Blueprints/Assets/SnakeHead/1K-Snake_Skin_specular.uexp" 128
"C:/Users/Barti/source/repos/UnrealEngine5Projects/FinalSnakeUE5/Content/Blueprints/Assets/SnakeHead/1K-Snake_Skin_height.ubulk" 129
"C:/Users/Barti/source/repos/UnrealEngine5Projects/FinalSnakeUE5/Content/Blueprints/Assets/SnakeHead/1K-Snake_Skin_height.uasset" 130
"C:/Users/Barti/source/repos/UnrealEngine5Projects/FinalSnakeUE5/Content/Blueprints/Assets/SnakeHead/1K-Snake_Skin_height.uexp" 131
"C:/Users/Barti/source/repos/UnrealEngine5Projects/FinalSnakeUE5/Content/Blueprints/Assets/SnakeHead/SnakeMaterial.uasset" 132
"C:/Users/Barti/source/repos/UnrealEngine5Projects/FinalSnakeUE5/Content/Blueprints/Assets/SnakeHead/SnakeMaterial.uexp" 133
"C:/Users/Barti/source/repos/UnrealEngine5Projects/FinalSnakeUE5/Content/Blueprints/Assets/SnakeElement/SnakeElement.ubulk" 134
"C:/Users/Barti/source/repos/UnrealEngine5Projects/FinalSnakeUE5/Content/Blueprints/Assets/SnakeElement/SnakeElement.uasset" 135
"C:/Users/Barti/source/repos/UnrealEngine5Projects/FinalSnakeUE5/Content/Blueprints/Assets/SnakeElement/SnakeElement.uexp" 136
"C:/Users/Barti/source/repos/UnrealEngine5Projects/FinalSnakeUE5/Content/Blueprints/Assets/SnakeElement/TailSnake.ubulk" 137
"C:/Users/Barti/source/repos/UnrealEngine5Projects/FinalSnakeUE5/Content/Blueprints/Assets/SnakeElement/TailSnake.uasset" 138
"C:/Users/Barti/source/repos/UnrealEngine5Projects/FinalSnakeUE5/Content/Blueprints/Assets/SnakeElement/TailSnake.uexp" 139
"C:/Users/Barti/source/repos/UnrealEngine5Projects/FinalSnakeUE5/Content/Blueprints/Assets/SnakeHead/ColorOfMouth.uasset" 140
"C:/Users/Barti/source/repos/UnrealEngine5Projects/FinalSnakeUE5/Content/Blueprints/Assets/SnakeHead/ColorOfMouth.uexp" 141
"C:/Users/Barti/source/repos/UnrealEngine5Projects/FinalSnakeUE5/Content/Blueprints/Assets/SnakeHead/PupilMaterial.uasset" 142
"C:/Users/Barti/source/repos/UnrealEngine5Projects/FinalSnakeUE5/Content/Blueprints/Assets/SnakeHead/PupilMaterial.uexp" 143
"C:/Users/Barti/source/repos/UnrealEngine5Projects/FinalSnakeUE5/Content/Blueprints/Assets/SnakeHead/FullEye.uasset" 144
"C:/Users/Barti/source/repos/UnrealEngine5Projects/FinalSnakeUE5/Content/Blueprints/Assets/SnakeHead/FullEye.uexp" 145
"C:/Users/Barti/source/repos/UnrealEngine5Projects/FinalSnakeUE5/Content/Blueprints/Assets/SnakeHead/SnakeHead.ubulk" 146
"C:/Users/Barti/source/repos/UnrealEngine5Projects/FinalSnakeUE5/Content/Blueprints/Assets/SnakeHead/SnakeHead.uasset" 147
"C:/Users/Barti/source/repos/UnrealEngine5Projects/FinalSnakeUE5/Content/Blueprints/Assets/SnakeHead/SnakeHead.uexp" 148
"C:/Users/Barti/source/repos/UnrealEngine5Projects/FinalSnakeUE5/Content/Blueprints/Snake/BP_SnakeElement.uasset" 149
"C:/Users/Barti/source/repos/UnrealEngine5Projects/FinalSnakeUE5/Content/Blueprints/Snake/BP_SnakeElement.uexp" 150
"../../../Engine/Content/EditorResources/S_ReflActorIcon.uasset" 151
"../../../Engine/Content/EditorResources/S_ReflActorIcon.uexp" 152
"C:/Users/Barti/source/repos/UnrealEngine5Projects/FinalSnakeUE5/Content/Blueprints/Snake/BP_SnakeActor.uasset" 153
"C:/Users/Barti/source/repos/UnrealEngine5Projects/FinalSnakeUE5/Content/Blueprints/Snake/BP_SnakeActor.uexp" 154
"C:/Users/Barti/source/repos/UnrealEngine5Projects/FinalSnakeUE5/Content/Blueprints/UI/WBP_Pause.uasset" 155
"C:/Users/Barti/source/repos/UnrealEngine5Projects/FinalSnakeUE5/Content/Blueprints/UI/WBP_Pause.uexp" 156
"C:/Users/Barti/source/repos/UnrealEngine5Projects/FinalSnakeUE5/Content/Blueprints/Snake/BP_Pawn.uasset" 157
"C:/Users/Barti/source/repos/UnrealEngine5Projects/FinalSnakeUE5/Content/Blueprints/Snake/BP_Pawn.uexp" 158
"C:/Users/Barti/source/repos/UnrealEngine5Projects/FinalSnakeUE5/Content/Blueprints/UI/WPB_GameOver.uasset" 159
"C:/Users/Barti/source/repos/UnrealEngine5Projects/FinalSnakeUE5/Content/Blueprints/UI/WPB_GameOver.uexp" 160
"C:/Users/Barti/source/repos/UnrealEngine5Projects/FinalSnakeUE5/Content/Blueprints/UI/WBP_UIYouWon.uasset" 161
"C:/Users/Barti/source/repos/UnrealEngine5Projects/FinalSnakeUE5/Content/Blueprints/UI/WBP_UIYouWon.uexp" 162
"C:/Users/Barti/source/repos/UnrealEngine5Projects/FinalSnakeUE5/Content/Blueprints/UI/BP_HUD.uasset" 163
"C:/Users/Barti/source/repos/UnrealEngine5Projects/FinalSnakeUE5/Content/Blueprints/UI/BP_HUD.uexp" 164
"C:/Users/Barti/source/repos/UnrealEngine5Projects/FinalSnakeUE5/Content/Blueprints/BP_GameMode.uasset" 165
"C:/Users/Barti/source/repos/UnrealEngine5Projects/FinalSnakeUE5/Content/Blueprints/BP_GameMode.uexp" 166
"../../../Engine/Plugins/Runtime/MeshModelingToolset/Content/Materials/M_DynamicMeshComponentVtxColor.uasset" 167
"../../../Engine/Plugins/Runtime/MeshModelingToolset/Content/Materials/M_DynamicMeshComponentVtxColor.uexp" 168
"../../../Engine/Plugins/Interchange/Runtime/Content/Pipelines/DefaultTexturePipeline.uasset" 169
"../../../Engine/Plugins/Interchange/Runtime/Content/Pipelines/DefaultTexturePipeline.uexp" 170
"../../../Engine/Plugins/Interchange/Runtime/Content/Pipelines/DefaultSceneLevelPipeline.uasset" 171
"../../../Engine/Plugins/Interchange/Runtime/Content/Pipelines/DefaultSceneLevelPipeline.uexp" 172
"../../../Engine/Plugins/Interchange/Runtime/Content/Pipelines/DefaultSceneAssetsPipeline.uasset" 173
"../../../Engine/Plugins/Interchange/Runtime/Content/Pipelines/DefaultSceneAssetsPipeline.uexp" 174
"../../../Engine/Plugins/Interchange/Runtime/Content/Pipelines/DefaultMaterialXPipeline.uasset" 175
"../../../Engine/Plugins/Interchange/Runtime/Content/Pipelines/DefaultMaterialXPipeline.uexp" 176
"../../../Engine/Plugins/Interchange/Runtime/Content/Pipelines/DefaultMaterialPipeline.uasset" 177
"../../../Engine/Plugins/Interchange/Runtime/Content/Pipelines/DefaultMaterialPipeline.uexp" 178
"../../../Engine/Plugins/Interchange/Runtime/Content/Pipelines/DefaultGLTFSceneAssetsPipeline.uasset" 179
"../../../Engine/Plugins/Interchange/Runtime/Content/Pipelines/DefaultGLTFSceneAssetsPipeline.uexp" 180
"../../../Engine/Plugins/Interchange/Runtime/Content/Pipelines/DefaultGLTFPipeline.uasset" 181
"../../../Engine/Plugins/Interchange/Runtime/Content/Pipelines/DefaultGLTFPipeline.uexp" 182
"../../../Engine/Plugins/Interchange/Runtime/Content/Pipelines/DefaultGLTFAssetsPipeline.uasset" 183
"../../../Engine/Plugins/Interchange/Runtime/Content/Pipelines/DefaultGLTFAssetsPipeline.uexp" 184
"../../../Engine/Plugins/Interchange/Runtime/Content/Pipelines/DefaultAssetsPipeline.uasset" 185
"../../../Engine/Plugins/Interchange/Runtime/Content/Pipelines/DefaultAssetsPipeline.uexp" 186
"../../../Engine/Plugins/Interchange/Runtime/Content/Functions/MX_UsdPreviewSurface.uasset" 187
"../../../Engine/Plugins/Interchange/Runtime/Content/Functions/MX_UsdPreviewSurface.uexp" 188
"../../../Engine/Plugins/Interchange/Runtime/Content/Functions/MX_UniformEDF.uasset" 189
"../../../Engine/Plugins/Interchange/Runtime/Content/Functions/MX_UniformEDF.uexp" 190
"../../../Engine/Plugins/Interchange/Runtime/Content/Functions/MX_TranslucentBSDF.uasset" 191
"../../../Engine/Plugins/Interchange/Runtime/Content/Functions/MX_TranslucentBSDF.uexp" 192
"../../../Engine/Plugins/Interchange/Runtime/Content/Functions/MX_ThinFilmBSDF.uasset" 193
"../../../Engine/Plugins/Interchange/Runtime/Content/Functions/MX_ThinFilmBSDF.uexp" 194
"../../../Engine/Plugins/Interchange/Runtime/Content/Functions/MX_SurfaceUnlit.uasset" 195
"../../../Engine/Plugins/Interchange/Runtime/Content/Functions/MX_SurfaceUnlit.uexp" 196
"../../../Engine/Plugins/Interchange/Runtime/Content/Functions/MX_Surface.uasset" 197
"../../../Engine/Plugins/Interchange/Runtime/Content/Functions/MX_Surface.uexp" 198
"../../../Engine/Plugins/Interchange/Runtime/Content/Functions/MX_SubsurfaceBSDF.uasset" 199
"../../../Engine/Plugins/Interchange/Runtime/Content/Functions/MX_SubsurfaceBSDF.uexp" 200
"../../../Engine/Plugins/Interchange/Runtime/Content/Functions/MX_SheenBSDF.uasset" 201
"../../../Engine/Plugins/Interchange/Runtime/Content/Functions/MX_SheenBSDF.uexp" 202
"../../../Engine/Plugins/Interchange/Runtime/Content/Functions/MX_OrenNayarBSDF.uasset" 203
"../../../Engine/Plugins/Interchange/Runtime/Content/Functions/MX_OrenNayarBSDF.uexp" 204
"../../../Engine/Content/Functions/Engine_MaterialFunctions02/Utility/CameraDirectionVector.uasset" 205
"../../../Engine/Content/Functions/Engine_MaterialFunctions02/Utility/CameraDirectionVector.uexp" 206
"../../../Engine/Content/Functions/Engine_MaterialFunctions01/Volumetrics/BeersLaw.uasset" 207
"../../../Engine/Content/Functions/Engine_MaterialFunctions01/Volumetrics/BeersLaw.uexp" 208
"../../../Engine/Content/EngineMaterials/Good64x64TilingNoiseHighFreq.uasset" 209
"../../../Engine/Content/EngineMaterials/Good64x64TilingNoiseHighFreq.uexp" 210
"../../../Engine/Content/Functions/Engine_MaterialFunctions02/Texturing/ScreenAlignedPixelToPixelUVs.uasset" 211
"../../../Engine/Content/Functions/Engine_MaterialFunctions02/Texturing/ScreenAlignedPixelToPixelUVs.uexp" 212
"../../../Engine/Plugins/Interchange/Runtime/Content/gltf/MaterialFunctions/MF_Temporal_Blur.uasset" 213
"../../../Engine/Plugins/Interchange/Runtime/Content/gltf/MaterialFunctions/MF_Temporal_Blur.uexp" 214
"../../../Engine/Plugins/Interchange/Runtime/Content/gltf/MaterialFunctions/MF_Fresnel_DS.uasset" 215
"../../../Engine/Plugins/Interchange/Runtime/Content/gltf/MaterialFunctions/MF_Fresnel_DS.uexp" 216
"../../../Engine/Content/Functions/Engine_MaterialFunctions02/Utility/BreakOutFloat3Components.uasset" 217
"../../../Engine/Content/Functions/Engine_MaterialFunctions02/Utility/BreakOutFloat3Components.uexp" 218
"../../../Engine/Plugins/Interchange/Runtime/Content/Functions/MX_Transmission.uasset" 219
"../../../Engine/Plugins/Interchange/Runtime/Content/Functions/MX_Transmission.uexp" 220
"../../../Engine/Plugins/Interchange/Runtime/Content/Functions/MF_OrenNayerView.uasset" 221
"../../../Engine/Plugins/Interchange/Runtime/Content/Functions/MF_OrenNayerView.uexp" 222
"../../../Engine/Plugins/Interchange/Runtime/Content/Functions/MF_SchlickApprox.uasset" 223
"../../../Engine/Plugins/Interchange/Runtime/Content/Functions/MF_SchlickApprox.uexp" 224
"../../../Engine/Plugins/Interchange/Runtime/Content/Utilities/New_LUT.uasset" 225
"../../../Engine/Plugins/Interchange/Runtime/Content/Utilities/New_LUT.uexp" 226
"../../../Engine/Content/Functions/Engine_MaterialFunctions03/Math/RemapValueRange.uasset" 227
"../../../Engine/Content/Functions/Engine_MaterialFunctions03/Math/RemapValueRange.uexp" 228
"../../../Engine/Plugins/Interchange/Runtime/Content/Functions/MF_Iridescence.uasset" 229
"../../../Engine/Plugins/Interchange/Runtime/Content/Functions/MF_Iridescence.uexp" 230
"../../../Engine/Plugins/Interchange/Runtime/Content/Functions/MX_StandardSurface.uasset" 231
"../../../Engine/Plugins/Interchange/Runtime/Content/Functions/MX_StandardSurface.uexp" 232
"../../../Engine/Plugins/Interchange/Runtime/Content/Functions/MX_TransmissionSurface.uasset" 233
"../../../Engine/Plugins/Interchange/Runtime/Content/Functions/MX_TransmissionSurface.uexp" 234
"../../../Engine/Plugins/Interchange/Runtime/Content/Functions/MX_OpenPBR_Translucent.uasset" 235
"../../../Engine/Plugins/Interchange/Runtime/Content/Functions/MX_OpenPBR_Translucent.uexp" 236
"../../../Engine/Plugins/Interchange/Runtime/Content/Functions/MX_OpenPBR_Opaque.uasset" 237
"../../../Engine/Plugins/Interchange/Runtime/Content/Functions/MX_OpenPBR_Opaque.uexp" 238
"../../../Engine/Plugins/Interchange/Runtime/Content/Functions/MX_MeasuredEDF.uasset" 239
"../../../Engine/Plugins/Interchange/Runtime/Content/Functions/MX_MeasuredEDF.uexp" 240
"../../../Engine/Plugins/Interchange/Runtime/Content/Functions/MX_GeneralizedSchlickBSDF.uasset" 241
"../../../Engine/Plugins/Interchange/Runtime/Content/Functions/MX_GeneralizedSchlickBSDF.uexp" 242
"../../../Engine/Plugins/Interchange/Runtime/Content/Functions/MX_DielectricBSDF.uasset" 243
"../../../Engine/Plugins/Interchange/Runtime/Content/Functions/MX_DielectricBSDF.uexp" 244
"../../../Engine/Plugins/Interchange/Runtime/Content/Functions/MX_ConicalEDF.uasset" 245
"../../../Engine/Plugins/Interchange/Runtime/Content/Functions/MX_ConicalEDF.uexp" 246
"../../../Engine/Plugins/Interchange/Runtime/Content/Functions/MX_ConductorBSDF.uasset" 247
"../../../Engine/Plugins/Interchange/Runtime/Content/Functions/MX_ConductorBSDF.uexp" 248
"../../../Engine/Plugins/Interchange/Runtime/Content/Functions/MX_BurleyDiffuseBSDF.uasset" 249
"../../../Engine/Plugins/Interchange/Runtime/Content/Functions/MX_BurleyDiffuseBSDF.uexp" 250
"../../../Engine/Plugins/Interchange/Runtime/Content/Functions/MX_AnisotropicVDF.uasset" 251
"../../../Engine/Plugins/Interchange/Runtime/Content/Functions/MX_AnisotropicVDF.uexp" 252
"../../../Engine/Plugins/Interchange/Runtime/Content/Functions/MX_AbsorptionVDF.uasset" 253
"../../../Engine/Plugins/Interchange/Runtime/Content/Functions/MX_AbsorptionVDF.uexp" 254
"../../../Engine/Plugins/Editor/SpeedTreeImporter/Content/SpeedTree9/game_wind_noise.ubulk" 255
"../../../Engine/Plugins/Editor/SpeedTreeImporter/Content/SpeedTree9/game_wind_noise.uasset" 256
"../../../Engine/Plugins/Editor/SpeedTreeImporter/Content/SpeedTree9/game_wind_noise.uexp" 257
"../../../Engine/Plugins/Editor/SpeedTreeImporter/Content/SpeedTree9/UnpackDirection.uasset" 258
"../../../Engine/Plugins/Editor/SpeedTreeImporter/Content/SpeedTree9/UnpackDirection.uexp" 259
"../../../Engine/Content/Functions/Engine_MaterialFunctions02/ObjectLocalBounds.uasset" 260
"../../../Engine/Content/Functions/Engine_MaterialFunctions02/ObjectLocalBounds.uexp" 261
"../../../Engine/Content/Functions/Engine_MaterialFunctions02/UVs/BoundingBoxBased_0-1_UVW.uasset" 262
"../../../Engine/Content/Functions/Engine_MaterialFunctions02/UVs/BoundingBoxBased_0-1_UVW.uexp" 263
"../../../Engine/Content/Functions/Engine_MaterialFunctions02/Utility/VectorLength.uasset" 264
"../../../Engine/Content/Functions/Engine_MaterialFunctions02/Utility/VectorLength.uexp" 265
"../../../Engine/Plugins/Editor/SpeedTreeImporter/Content/SpeedTree9/UnpackInteger3.uasset" 266
"../../../Engine/Plugins/Editor/SpeedTreeImporter/Content/SpeedTree9/UnpackInteger3.uexp" 267
"../../../Engine/Plugins/Editor/SpeedTreeImporter/Content/SpeedTree9/SpeedTreeCameraFacing.uasset" 268
"../../../Engine/Plugins/Editor/SpeedTreeImporter/Content/SpeedTree9/SpeedTreeCameraFacing.uexp" 269
"../../../Engine/Content/Functions/Engine_MaterialFunctions02/WorldPositionOffset/ObjectScale.uasset" 270
"../../../Engine/Content/Functions/Engine_MaterialFunctions02/WorldPositionOffset/ObjectScale.uexp" 271
"../../../Engine/Content/Functions/Engine_MaterialFunctions02/SafeNormalize.uasset" 272
"../../../Engine/Content/Functions/Engine_MaterialFunctions02/SafeNormalize.uexp" 273
"../../../Engine/Plugins/Editor/SpeedTreeImporter/Content/SpeedTree9/SpeedTreeWindMotion.uasset" 274
"../../../Engine/Plugins/Editor/SpeedTreeImporter/Content/SpeedTree9/SpeedTreeWindMotion.uexp" 275
"../../../Engine/Plugins/Editor/SpeedTreeImporter/Content/SpeedTree9/SpeedTreeBranchMotion.uasset" 276
"../../../Engine/Plugins/Editor/SpeedTreeImporter/Content/SpeedTree9/SpeedTreeBranchMotion.uexp" 277
"../../../Engine/Plugins/Editor/SpeedTreeImporter/Content/SpeedTree9/SpeedTreeWind.uasset" 278
"../../../Engine/Plugins/Editor/SpeedTreeImporter/Content/SpeedTree9/SpeedTreeWind.uexp" 279
"../../../Engine/Plugins/Editor/SpeedTreeImporter/Content/SpeedTree9/EmptyNormal.uasset" 280
"../../../Engine/Plugins/Editor/SpeedTreeImporter/Content/SpeedTree9/EmptyNormal.uexp" 281
"../../../Engine/Plugins/Editor/SpeedTreeImporter/Content/SpeedTree9/Empty.uasset" 282
"../../../Engine/Plugins/Editor/SpeedTreeImporter/Content/SpeedTree9/Empty.uexp" 283
"../../../Engine/Plugins/Editor/SpeedTreeImporter/Content/SpeedTree9/SpeedTreeMaster.uasset" 284
"../../../Engine/Plugins/Editor/SpeedTreeImporter/Content/SpeedTree9/SpeedTreeMaster.uexp" 285
"../../../Engine/Plugins/Editor/SpeedTreeImporter/Content/SpeedTree9/SpeedTreeBillboard.uasset" 286
"../../../Engine/Plugins/Editor/SpeedTreeImporter/Content/SpeedTree9/SpeedTreeBillboard.uexp" 287
"../../../Engine/Plugins/Editor/SpeedTreeImporter/Content/SpeedTree9/SpeedTreeBillboardMaster.uasset" 288
"../../../Engine/Plugins/Editor/SpeedTreeImporter/Content/SpeedTree9/SpeedTreeBillboardMaster.uexp" 289
"../../../Engine/Content/Functions/Engine_MaterialFunctions02/WorldPositionOffset/CameraOffset.uasset" 290
"../../../Engine/Content/Functions/Engine_MaterialFunctions02/WorldPositionOffset/CameraOffset.uexp" 291
"../../../Engine/Plugins/Animation/ControlRig/Content/M_Manip.uasset" 292
"../../../Engine/Plugins/Animation/ControlRig/Content/M_Manip.uexp" 293
"../../../Engine/Plugins/Animation/ControlRig/Content/Controls/DefaultGizmoLibraryNormalized.uasset" 294
"../../../Engine/Plugins/Animation/ControlRig/Content/Controls/DefaultGizmoLibraryNormalized.uexp" 295
"../../../Engine/Plugins/Animation/ControlRig/Content/Controls/ControlRig_Wedge_solid.ubulk" 296
"../../../Engine/Plugins/Animation/ControlRig/Content/Controls/ControlRig_Wedge_solid.uasset" 297
"../../../Engine/Plugins/Animation/ControlRig/Content/Controls/ControlRig_Wedge_solid.uexp" 298
"../../../Engine/Plugins/Animation/ControlRig/Content/Controls/ControlRig_Wedge_3mm.ubulk" 299
"../../../Engine/Plugins/Animation/ControlRig/Content/Controls/ControlRig_Wedge_3mm.uasset" 300
"../../../Engine/Plugins/Animation/ControlRig/Content/Controls/ControlRig_Wedge_3mm.uexp" 301
"../../../Engine/Plugins/Animation/ControlRig/Content/Controls/ControlRig_Wedge_1mm.ubulk" 302
"../../../Engine/Plugins/Animation/ControlRig/Content/Controls/ControlRig_Wedge_1mm.uasset" 303
"../../../Engine/Plugins/Animation/ControlRig/Content/Controls/ControlRig_Wedge_1mm.uexp" 304
"../../../Engine/Plugins/Animation/ControlRig/Content/Controls/ControlRig_Triangle_solid.ubulk" 305
"../../../Engine/Plugins/Animation/ControlRig/Content/Controls/ControlRig_Triangle_solid.uasset" 306
"../../../Engine/Plugins/Animation/ControlRig/Content/Controls/ControlRig_Triangle_solid.uexp" 307
"../../../Engine/Plugins/Animation/ControlRig/Content/Controls/ControlRig_Triangle_3mm.ubulk" 308
"../../../Engine/Plugins/Animation/ControlRig/Content/Controls/ControlRig_Triangle_3mm.uasset" 309
"../../../Engine/Plugins/Animation/ControlRig/Content/Controls/ControlRig_Triangle_3mm.uexp" 310
"../../../Engine/Plugins/Animation/ControlRig/Content/Controls/ControlRig_Triangle_1mm.ubulk" 311
"../../../Engine/Plugins/Animation/ControlRig/Content/Controls/ControlRig_Triangle_1mm.uasset" 312
"../../../Engine/Plugins/Animation/ControlRig/Content/Controls/ControlRig_Triangle_1mm.uexp" 313
"../../../Engine/Plugins/Animation/ControlRig/Content/Controls/ControlRig_Star4_solid.ubulk" 314
"../../../Engine/Plugins/Animation/ControlRig/Content/Controls/ControlRig_Star4_solid.uasset" 315
"../../../Engine/Plugins/Animation/ControlRig/Content/Controls/ControlRig_Star4_solid.uexp" 316
"../../../Engine/Plugins/Animation/ControlRig/Content/Controls/ControlRig_Star4_3mm.ubulk" 317
"../../../Engine/Plugins/Animation/ControlRig/Content/Controls/ControlRig_Star4_3mm.uasset" 318
"../../../Engine/Plugins/Animation/ControlRig/Content/Controls/ControlRig_Star4_3mm.uexp" 319
"../../../Engine/Plugins/Animation/ControlRig/Content/Controls/ControlRig_Star4_1mm.ubulk" 320
"../../../Engine/Plugins/Animation/ControlRig/Content/Controls/ControlRig_Star4_1mm.uasset" 321
"../../../Engine/Plugins/Animation/ControlRig/Content/Controls/ControlRig_Star4_1mm.uexp" 322
"../../../Engine/Plugins/Animation/ControlRig/Content/Controls/ControlRig_Square_solid.ubulk" 323
"../../../Engine/Plugins/Animation/ControlRig/Content/Controls/ControlRig_Square_solid.uasset" 324
"../../../Engine/Plugins/Animation/ControlRig/Content/Controls/ControlRig_Square_solid.uexp" 325
"../../../Engine/Plugins/Animation/ControlRig/Content/Controls/ControlRig_Square_3mm.ubulk" 326
"../../../Engine/Plugins/Animation/ControlRig/Content/Controls/ControlRig_Square_3mm.uasset" 327
"../../../Engine/Plugins/Animation/ControlRig/Content/Controls/ControlRig_Square_3mm.uexp" 328
"../../../Engine/Plugins/Animation/ControlRig/Content/Controls/ControlRig_Square_1mm.ubulk" 329
"../../../Engine/Plugins/Animation/ControlRig/Content/Controls/ControlRig_Square_1mm.uasset" 330
"../../../Engine/Plugins/Animation/ControlRig/Content/Controls/ControlRig_Square_1mm.uexp" 331
"../../../Engine/Plugins/Animation/ControlRig/Content/Controls/ControlRig_Sphere_solid.ubulk" 332
"../../../Engine/Plugins/Animation/ControlRig/Content/Controls/ControlRig_Sphere_solid.uasset" 333
"../../../Engine/Plugins/Animation/ControlRig/Content/Controls/ControlRig_Sphere_solid.uexp" 334
"../../../Engine/Plugins/Animation/ControlRig/Content/Controls/ControlRig_Sphere_3mm.ubulk" 335
"../../../Engine/Plugins/Animation/ControlRig/Content/Controls/ControlRig_Sphere_3mm.uasset" 336
"../../../Engine/Plugins/Animation/ControlRig/Content/Controls/ControlRig_Sphere_3mm.uexp" 337
"../../../Engine/Plugins/Animation/ControlRig/Content/Controls/ControlRig_Sphere_1mm.ubulk" 338
"../../../Engine/Plugins/Animation/ControlRig/Content/Controls/ControlRig_Sphere_1mm.uasset" 339
"../../../Engine/Plugins/Animation/ControlRig/Content/Controls/ControlRig_Sphere_1mm.uexp" 340
"../../../Engine/Plugins/Animation/ControlRig/Content/Controls/ControlRig_RoundedTriangle_solid.ubulk" 341
"../../../Engine/Plugins/Animation/ControlRig/Content/Controls/ControlRig_RoundedTriangle_solid.uasset" 342
"../../../Engine/Plugins/Animation/ControlRig/Content/Controls/ControlRig_RoundedTriangle_solid.uexp" 343
"../../../Engine/Plugins/Animation/ControlRig/Content/Controls/ControlRig_RoundedTriangle_3mm.ubulk" 344
"../../../Engine/Plugins/Animation/ControlRig/Content/Controls/ControlRig_RoundedTriangle_3mm.uasset" 345
"../../../Engine/Plugins/Animation/ControlRig/Content/Controls/ControlRig_RoundedTriangle_3mm.uexp" 346
"../../../Engine/Plugins/Animation/ControlRig/Content/Controls/ControlRig_RoundedTriangle_1mm.ubulk" 347
"../../../Engine/Plugins/Animation/ControlRig/Content/Controls/ControlRig_RoundedTriangle_1mm.uasset" 348
"../../../Engine/Plugins/Animation/ControlRig/Content/Controls/ControlRig_RoundedTriangle_1mm.uexp" 349
"../../../Engine/Plugins/Animation/ControlRig/Content/Controls/ControlRig_RoundedSquare_solid.ubulk" 350
"../../../Engine/Plugins/Animation/ControlRig/Content/Controls/ControlRig_RoundedSquare_solid.uasset" 351
"../../../Engine/Plugins/Animation/ControlRig/Content/Controls/ControlRig_RoundedSquare_solid.uexp" 352
"../../../Engine/Plugins/Animation/ControlRig/Content/Controls/ControlRig_RoundedSquare_3mm.ubulk" 353
"../../../Engine/Plugins/Animation/ControlRig/Content/Controls/ControlRig_RoundedSquare_3mm.uasset" 354
"../../../Engine/Plugins/Animation/ControlRig/Content/Controls/ControlRig_RoundedSquare_3mm.uexp" 355
"../../../Engine/Plugins/Animation/ControlRig/Content/Controls/ControlRig_RoundedSquare_1mm.ubulk" 356
"../../../Engine/Plugins/Animation/ControlRig/Content/Controls/ControlRig_RoundedSquare_1mm.uasset" 357
"../../../Engine/Plugins/Animation/ControlRig/Content/Controls/ControlRig_RoundedSquare_1mm.uexp" 358
"../../../Engine/Plugins/Animation/ControlRig/Content/Controls/ControlRig_QuarterCircle_solid.ubulk" 359
"../../../Engine/Plugins/Animation/ControlRig/Content/Controls/ControlRig_QuarterCircle_solid.uasset" 360
"../../../Engine/Plugins/Animation/ControlRig/Content/Controls/ControlRig_QuarterCircle_solid.uexp" 361
"../../../Engine/Plugins/Animation/ControlRig/Content/Controls/ControlRig_QuarterCircle_3mm.ubulk" 362
"../../../Engine/Plugins/Animation/ControlRig/Content/Controls/ControlRig_QuarterCircle_3mm.uasset" 363
"../../../Engine/Plugins/Animation/ControlRig/Content/Controls/ControlRig_QuarterCircle_3mm.uexp" 364
"../../../Engine/Plugins/Animation/ControlRig/Content/Controls/ControlRig_QuarterCircle_1mm.ubulk" 365
"../../../Engine/Plugins/Animation/ControlRig/Content/Controls/ControlRig_QuarterCircle_1mm.uasset" 366
"../../../Engine/Plugins/Animation/ControlRig/Content/Controls/ControlRig_QuarterCircle_1mm.uexp" 367
"../../../Engine/Plugins/Animation/ControlRig/Content/Controls/ControlRig_Pyramid_solid.ubulk" 368
"../../../Engine/Plugins/Animation/ControlRig/Content/Controls/ControlRig_Pyramid_solid.uasset" 369
"../../../Engine/Plugins/Animation/ControlRig/Content/Controls/ControlRig_Pyramid_solid.uexp" 370
"../../../Engine/Plugins/Animation/ControlRig/Content/Controls/ControlRig_Pyramid_3mm.ubulk" 371
"../../../Engine/Plugins/Animation/ControlRig/Content/Controls/ControlRig_Pyramid_3mm.uasset" 372
"../../../Engine/Plugins/Animation/ControlRig/Content/Controls/ControlRig_Pyramid_3mm.uexp" 373
"../../../Engine/Plugins/Animation/ControlRig/Content/Controls/ControlRig_Pyramid_1mm.ubulk" 374
"../../../Engine/Plugins/Animation/ControlRig/Content/Controls/ControlRig_Pyramid_1mm.uasset" 375
"../../../Engine/Plugins/Animation/ControlRig/Content/Controls/ControlRig_Pyramid_1mm.uexp" 376
"../../../Engine/Plugins/Animation/ControlRig/Content/Controls/ControlRig_Octagon_solid.ubulk" 377
"../../../Engine/Plugins/Animation/ControlRig/Content/Controls/ControlRig_Octagon_solid.uasset" 378
"../../../Engine/Plugins/Animation/ControlRig/Content/Controls/ControlRig_Octagon_solid.uexp" 379
"../../../Engine/Plugins/Animation/ControlRig/Content/Controls/ControlRig_Octagon_3mm.ubulk" 380
"../../../Engine/Plugins/Animation/ControlRig/Content/Controls/ControlRig_Octagon_3mm.uasset" 381
"../../../Engine/Plugins/Animation/ControlRig/Content/Controls/ControlRig_Octagon_3mm.uexp" 382
"../../../Engine/Plugins/Animation/ControlRig/Content/Controls/ControlRig_Octagon_1mm.ubulk" 383
"../../../Engine/Plugins/Animation/ControlRig/Content/Controls/ControlRig_Octagon_1mm.uasset" 384
"../../../Engine/Plugins/Animation/ControlRig/Content/Controls/ControlRig_Octagon_1mm.uexp" 385
"../../../Engine/Plugins/Animation/ControlRig/Content/Controls/ControlRig_Hexagon_solid.ubulk" 386
"../../../Engine/Plugins/Animation/ControlRig/Content/Controls/ControlRig_Hexagon_solid.uasset" 387
"../../../Engine/Plugins/Animation/ControlRig/Content/Controls/ControlRig_Hexagon_solid.uexp" 388
"../../../Engine/Plugins/Animation/ControlRig/Content/Controls/ControlRig_Hexagon_3mm.ubulk" 389
"../../../Engine/Plugins/Animation/ControlRig/Content/Controls/ControlRig_Hexagon_3mm.uasset" 390
"../../../Engine/Plugins/Animation/ControlRig/Content/Controls/ControlRig_Hexagon_3mm.uexp" 391
"../../../Engine/Plugins/Animation/ControlRig/Content/Controls/ControlRig_Hexagon_1mm.ubulk" 392
"../../../Engine/Plugins/Animation/ControlRig/Content/Controls/ControlRig_Hexagon_1mm.uasset" 393
"../../../Engine/Plugins/Animation/ControlRig/Content/Controls/ControlRig_Hexagon_1mm.uexp" 394
"../../../Engine/Plugins/Animation/ControlRig/Content/Controls/ControlRig_HalfCircle_solid.ubulk" 395
"../../../Engine/Plugins/Animation/ControlRig/Content/Controls/ControlRig_HalfCircle_solid.uasset" 396
"../../../Engine/Plugins/Animation/ControlRig/Content/Controls/ControlRig_HalfCircle_solid.uexp" 397
"../../../Engine/Plugins/Animation/ControlRig/Content/Controls/ControlRig_HalfCircle_3mm.ubulk" 398
"../../../Engine/Plugins/Animation/ControlRig/Content/Controls/ControlRig_HalfCircle_3mm.uasset" 399
"../../../Engine/Plugins/Animation/ControlRig/Content/Controls/ControlRig_HalfCircle_3mm.uexp" 400
"../../../Engine/Plugins/Animation/ControlRig/Content/Controls/ControlRig_HalfCircle_1mm.ubulk" 401
"../../../Engine/Plugins/Animation/ControlRig/Content/Controls/ControlRig_HalfCircle_1mm.uasset" 402
"../../../Engine/Plugins/Animation/ControlRig/Content/Controls/ControlRig_HalfCircle_1mm.uexp" 403
"../../../Engine/Plugins/Animation/ControlRig/Content/Controls/ControlRig_Diamond_solid.ubulk" 404
"../../../Engine/Plugins/Animation/ControlRig/Content/Controls/ControlRig_Diamond_solid.uasset" 405
"../../../Engine/Plugins/Animation/ControlRig/Content/Controls/ControlRig_Diamond_solid.uexp" 406
"../../../Engine/Plugins/Animation/ControlRig/Content/Controls/ControlRig_Diamond_3mm.ubulk" 407
"../../../Engine/Plugins/Animation/ControlRig/Content/Controls/ControlRig_Diamond_3mm.uasset" 408
"../../../Engine/Plugins/Animation/ControlRig/Content/Controls/ControlRig_Diamond_3mm.uexp" 409
"../../../Engine/Plugins/Animation/ControlRig/Content/Controls/ControlRig_Diamond_1mm.ubulk" 410
"../../../Engine/Plugins/Animation/ControlRig/Content/Controls/ControlRig_Diamond_1mm.uasset" 411
"../../../Engine/Plugins/Animation/ControlRig/Content/Controls/ControlRig_Diamond_1mm.uexp" 412
"../../../Engine/Plugins/Animation/ControlRig/Content/Controls/ControlRig_Circle_solid.ubulk" 413
"../../../Engine/Plugins/Animation/ControlRig/Content/Controls/ControlRig_Circle_solid.uasset" 414
"../../../Engine/Plugins/Animation/ControlRig/Content/Controls/ControlRig_Circle_solid.uexp" 415
"../../../Engine/Plugins/Animation/ControlRig/Content/Controls/ControlRig_Circle_3mm.ubulk" 416
"../../../Engine/Plugins/Animation/ControlRig/Content/Controls/ControlRig_Circle_3mm.uasset" 417
"../../../Engine/Plugins/Animation/ControlRig/Content/Controls/ControlRig_Circle_3mm.uexp" 418
"../../../Engine/Plugins/Animation/ControlRig/Content/Controls/ControlRig_Circle_1mm.ubulk" 419
"../../../Engine/Plugins/Animation/ControlRig/Content/Controls/ControlRig_Circle_1mm.uasset" 420
"../../../Engine/Plugins/Animation/ControlRig/Content/Controls/ControlRig_Circle_1mm.uexp" 421
"../../../Engine/Plugins/Animation/ControlRig/Content/Controls/ControlRig_Box_solid.ubulk" 422
"../../../Engine/Plugins/Animation/ControlRig/Content/Controls/ControlRig_Box_solid.uasset" 423
"../../../Engine/Plugins/Animation/ControlRig/Content/Controls/ControlRig_Box_solid.uexp" 424
"../../../Engine/Plugins/Animation/ControlRig/Content/Controls/ControlRig_Box_3mm.ubulk" 425
"../../../Engine/Plugins/Animation/ControlRig/Content/Controls/ControlRig_Box_3mm.uasset" 426
"../../../Engine/Plugins/Animation/ControlRig/Content/Controls/ControlRig_Box_3mm.uexp" 427
"../../../Engine/Plugins/Animation/ControlRig/Content/Controls/ControlRig_Box_1mm.ubulk" 428
"../../../Engine/Plugins/Animation/ControlRig/Content/Controls/ControlRig_Box_1mm.uasset" 429
"../../../Engine/Plugins/Animation/ControlRig/Content/Controls/ControlRig_Box_1mm.uexp" 430
"../../../Engine/Plugins/Animation/ControlRig/Content/Controls/ControlRig_Arrow_solid.ubulk" 431
"../../../Engine/Plugins/Animation/ControlRig/Content/Controls/ControlRig_Arrow_solid.uasset" 432
"../../../Engine/Plugins/Animation/ControlRig/Content/Controls/ControlRig_Arrow_solid.uexp" 433
"../../../Engine/Plugins/Animation/ControlRig/Content/Controls/ControlRig_Arrow_3mm.ubulk" 434
"../../../Engine/Plugins/Animation/ControlRig/Content/Controls/ControlRig_Arrow_3mm.uasset" 435
"../../../Engine/Plugins/Animation/ControlRig/Content/Controls/ControlRig_Arrow_3mm.uexp" 436
"../../../Engine/Plugins/Animation/ControlRig/Content/Controls/ControlRig_Arrow_1mm.ubulk" 437
"../../../Engine/Plugins/Animation/ControlRig/Content/Controls/ControlRig_Arrow_1mm.uasset" 438
"../../../Engine/Plugins/Animation/ControlRig/Content/Controls/ControlRig_Arrow_1mm.uexp" 439
"../../../Engine/Plugins/Animation/ControlRig/Content/Controls/ControlRig_Arrow4_solid.ubulk" 440
"../../../Engine/Plugins/Animation/ControlRig/Content/Controls/ControlRig_Arrow4_solid.uasset" 441
"../../../Engine/Plugins/Animation/ControlRig/Content/Controls/ControlRig_Arrow4_solid.uexp" 442
"../../../Engine/Plugins/Animation/ControlRig/Content/Controls/ControlRig_Arrow4_3mm.ubulk" 443
"../../../Engine/Plugins/Animation/ControlRig/Content/Controls/ControlRig_Arrow4_3mm.uasset" 444
"../../../Engine/Plugins/Animation/ControlRig/Content/Controls/ControlRig_Arrow4_3mm.uexp" 445
"../../../Engine/Plugins/Animation/ControlRig/Content/Controls/ControlRig_Arrow4_1mm.ubulk" 446
"../../../Engine/Plugins/Animation/ControlRig/Content/Controls/ControlRig_Arrow4_1mm.uasset" 447
"../../../Engine/Plugins/Animation/ControlRig/Content/Controls/ControlRig_Arrow4_1mm.uexp" 448
"../../../Engine/Plugins/Animation/ControlRig/Content/Controls/ControlRig_Arrow2_solid.ubulk" 449
"../../../Engine/Plugins/Animation/ControlRig/Content/Controls/ControlRig_Arrow2_solid.uasset" 450
"../../../Engine/Plugins/Animation/ControlRig/Content/Controls/ControlRig_Arrow2_solid.uexp" 451
"../../../Engine/Plugins/Animation/ControlRig/Content/Controls/ControlRig_Arrow2_3mm.ubulk" 452
"../../../Engine/Plugins/Animation/ControlRig/Content/Controls/ControlRig_Arrow2_3mm.uasset" 453
"../../../Engine/Plugins/Animation/ControlRig/Content/Controls/ControlRig_Arrow2_3mm.uexp" 454
"../../../Engine/Plugins/Animation/ControlRig/Content/Controls/ControlRig_Arrow2_1mm.ubulk" 455
"../../../Engine/Plugins/Animation/ControlRig/Content/Controls/ControlRig_Arrow2_1mm.uasset" 456
"../../../Engine/Plugins/Animation/ControlRig/Content/Controls/ControlRig_Arrow2_1mm.uexp" 457
"../../../Engine/Plugins/Animation/ControlRig/Content/Controls/ControlRigXRayMaterial.uasset" 458
"../../../Engine/Plugins/Animation/ControlRig/Content/Controls/ControlRigXRayMaterial.uexp" 459
"../../../Engine/Plugins/Animation/ControlRig/Content/Controls/ControlRigGizmoMaterial.uasset" 460
"../../../Engine/Plugins/Animation/ControlRig/Content/Controls/ControlRigGizmoMaterial.uexp" 461
"../../../Engine/Plugins/Animation/ACLPlugin/Content/ACLAnimCurveCompressionSettings.uasset" 462
"../../../Engine/Plugins/Animation/ACLPlugin/Content/ACLAnimCurveCompressionSettings.uexp" 463
"../../../Engine/Plugins/Animation/ACLPlugin/Content/ACLAnimBoneCompressionSettings.uasset" 464
"../../../Engine/Plugins/Animation/ACLPlugin/Content/ACLAnimBoneCompressionSettings.uexp" 465
"../../../Engine/Plugins/2D/Paper2D/Content/PlaceholderTextures/DummySpriteTexture.ubulk" 466
"../../../Engine/Plugins/2D/Paper2D/Content/PlaceholderTextures/DummySpriteTexture.uasset" 467
"../../../Engine/Plugins/2D/Paper2D/Content/PlaceholderTextures/DummySpriteTexture.uexp" 468
"../../../Engine/Plugins/2D/Paper2D/Content/DefaultSpriteMaterial.uasset" 469
"../../../Engine/Plugins/2D/Paper2D/Content/DefaultSpriteMaterial.uexp" 470
"../../../Engine/Plugins/2D/Paper2D/Content/OpaqueUnlitSpriteMaterial.uasset" 471
"../../../Engine/Plugins/2D/Paper2D/Content/OpaqueUnlitSpriteMaterial.uexp" 472
"../../../Engine/Plugins/2D/Paper2D/Content/MaskedUnlitSpriteMaterial.uasset" 473
"../../../Engine/Plugins/2D/Paper2D/Content/MaskedUnlitSpriteMaterial.uexp" 474
"../../../Engine/Plugins/2D/Paper2D/Content/DummySprite.uasset" 475
"../../../Engine/Plugins/2D/Paper2D/Content/DummySprite.uexp" 476
"../../../Engine/Plugins/2D/Paper2D/Content/DefaultPaperTerrainMaterial.uasset" 477
"../../../Engine/Plugins/2D/Paper2D/Content/DefaultPaperTerrainMaterial.uexp" 478
"../../../Engine/Content/VREditor/TransformGizmo/StartRotationHandleIndicator.ubulk" 479
"../../../Engine/Content/VREditor/TransformGizmo/StartRotationHandleIndicator.uasset" 480
"../../../Engine/Content/VREditor/TransformGizmo/StartRotationHandleIndicator.uexp" 481
"../../../Engine/Content/VREditor/Sounds/UI/Drop_Item_From_ContentBrowser.ubulk" 482
"../../../Engine/Content/VREditor/Sounds/UI/Drop_Item_From_ContentBrowser.uasset" 483
"../../../Engine/Content/VREditor/Sounds/UI/Drop_Item_From_ContentBrowser.uexp" 484
"../../../Engine/Content/VREditor/TransformGizmo/PlaneTranslationHandle.ubulk" 485
"../../../Engine/Content/VREditor/TransformGizmo/PlaneTranslationHandle.uasset" 486
"../../../Engine/Content/VREditor/TransformGizmo/PlaneTranslationHandle.uexp" 487
"../../../Engine/Content/VREditor/Sounds/UI/Object_Snaps_To_Grid.ubulk" 488
"../../../Engine/Content/VREditor/Sounds/UI/Object_Snaps_To_Grid.uasset" 489
"../../../Engine/Content/VREditor/Sounds/UI/Object_Snaps_To_Grid.uexp" 490
"../../../Engine/Content/VREditor/Sounds/UI/Selection_Changes.ubulk" 491
"../../../Engine/Content/VREditor/Sounds/UI/Selection_Changes.uasset" 492
"../../../Engine/Content/VREditor/Sounds/UI/Selection_Changes.uexp" 493
"../../../Engine/Content/VREditor/Sounds/UI/Object_Snaps_To_Another_Actor.ubulk" 494
"../../../Engine/Content/VREditor/Sounds/UI/Object_Snaps_To_Another_Actor.uasset" 495
"../../../Engine/Content/VREditor/Sounds/UI/Object_Snaps_To_Another_Actor.uexp" 496
"../../../Engine/Content/VREditor/TransformGizmo/TranslucentTransformGizmoMaterial_Inst.uasset" 497
"../../../Engine/Content/VREditor/TransformGizmo/TranslucentTransformGizmoMaterial_Inst.uexp" 498
"../../../Engine/Content/VREditor/TransformGizmo/TransformGizmoFreeRotation.ubulk" 499
"../../../Engine/Content/VREditor/TransformGizmo/TransformGizmoFreeRotation.uasset" 500
"../../../Engine/Content/VREditor/TransformGizmo/TransformGizmoFreeRotation.uexp" 501
"../../../Engine/Content/VREditor/Sounds/UI/Scaling_Down.ubulk" 502
"../../../Engine/Content/VREditor/Sounds/UI/Scaling_Down.uasset" 503
"../../../Engine/Content/VREditor/Sounds/UI/Scaling_Down.uexp" 504
"../../../Engine/Content/Functions/Engine_MaterialFunctions02/Math/Transform3x3Matrix.uasset" 505
"../../../Engine/Content/Functions/Engine_MaterialFunctions02/Math/Transform3x3Matrix.uexp" 506
"../../../Engine/Content/Functions/Engine_MaterialFunctions02/SplitComponents.uasset" 507
"../../../Engine/Content/Functions/Engine_MaterialFunctions02/SplitComponents.uexp" 508
"../../../Engine/Content/Functions/Engine_MaterialFunctions02/Utility/MakeFloat3.uasset" 509
"../../../Engine/Content/Functions/Engine_MaterialFunctions02/Utility/MakeFloat3.uexp" 510
"../../../Engine/Content/VREditor/SnapGrid/SnapGridMaterial.uasset" 511
"../../../Engine/Content/VREditor/SnapGrid/SnapGridMaterial.uexp" 512
"../../../Engine/Content/VREditor/SnapGrid/SnapGridPlaneMesh.ubulk" 513
"../../../Engine/Content/VREditor/SnapGrid/SnapGridPlaneMesh.uasset" 514
"../../../Engine/Content/VREditor/SnapGrid/SnapGridPlaneMesh.uexp" 515
"../../../Engine/Content/VREditor/Sounds/UI/Scaling_Up.ubulk" 516
"../../../Engine/Content/VREditor/Sounds/UI/Scaling_Up.uasset" 517
"../../../Engine/Content/VREditor/Sounds/UI/Scaling_Up.uexp" 518
"../../../Engine/Content/VREditor/TransformGizmo/TransformGizmoMaterial_Inst.uasset" 519
"../../../Engine/Content/VREditor/TransformGizmo/TransformGizmoMaterial_Inst.uexp" 520
"../../../Engine/Content/VREditor/Sounds/UI/Gizmo_Handle_Clicked.ubulk" 521
"../../../Engine/Content/VREditor/Sounds/UI/Gizmo_Handle_Clicked.uasset" 522
"../../../Engine/Content/VREditor/Sounds/UI/Gizmo_Handle_Clicked.uexp" 523
"../../../Engine/Content/VREditor/TransformGizmo/RotationHandleQuarter.ubulk" 524
"../../../Engine/Content/VREditor/TransformGizmo/RotationHandleQuarter.uasset" 525
"../../../Engine/Content/VREditor/TransformGizmo/RotationHandleQuarter.uexp" 526
"../../../Engine/Content/VREditor/TransformGizmo/TranslateArrowHandle.ubulk" 527
"../../../Engine/Content/VREditor/TransformGizmo/TranslateArrowHandle.uasset" 528
"../../../Engine/Content/VREditor/TransformGizmo/TranslateArrowHandle.uexp" 529
"../../../Engine/Content/VREditor/TransformGizmo/RotationHandleIndicator.ubulk" 530
"../../../Engine/Content/VREditor/TransformGizmo/RotationHandleIndicator.uasset" 531
"../../../Engine/Content/VREditor/TransformGizmo/RotationHandleIndicator.uexp" 532
"../../../Engine/Content/VREditor/TransformGizmo/UniformScaleHandle.ubulk" 533
"../../../Engine/Content/VREditor/TransformGizmo/UniformScaleHandle.uasset" 534
"../../../Engine/Content/VREditor/TransformGizmo/UniformScaleHandle.uexp" 535
"../../../Engine/Content/VREditor/TransformGizmo/RotationHandleFull.ubulk" 536
"../../../Engine/Content/VREditor/TransformGizmo/RotationHandleFull.uasset" 537
"../../../Engine/Content/VREditor/TransformGizmo/RotationHandleFull.uexp" 538
"../../../Engine/Content/VREditor/Sounds/UI/Object_PickUp.ubulk" 539
"../../../Engine/Content/VREditor/Sounds/UI/Object_PickUp.uasset" 540
"../../../Engine/Content/VREditor/Sounds/UI/Object_PickUp.uexp" 541
"../../../Engine/Content/EngineSounds/Master.uasset" 542
"../../../Engine/Content/EngineSounds/Master.uexp" 543
"../../../Engine/Content/EngineResources/WhiteSquareTexture.uasset" 544
"../../../Engine/Content/EngineResources/WhiteSquareTexture.uexp" 545
"../../../Engine/Content/EngineMaterials/Widget3DPassThrough.uasset" 546
"../../../Engine/Content/EngineMaterials/Widget3DPassThrough.uexp" 547
"../../../Engine/Content/EngineMaterials/Widget3DPassThrough_Translucent.uasset" 548
"../../../Engine/Content/EngineMaterials/Widget3DPassThrough_Translucent.uexp" 549
"../../../Engine/Content/EngineMaterials/Widget3DPassThrough_Translucent_OneSided.uasset" 550
"../../../Engine/Content/EngineMaterials/Widget3DPassThrough_Translucent_OneSided.uexp" 551
"../../../Engine/Content/EngineMaterials/Widget3DPassThrough_Opaque.uasset" 552
"../../../Engine/Content/EngineMaterials/Widget3DPassThrough_Opaque.uexp" 553
"../../../Engine/Content/EngineMaterials/Widget3DPassThrough_Opaque_OneSided.uasset" 554
"../../../Engine/Content/EngineMaterials/Widget3DPassThrough_Opaque_OneSided.uexp" 555
"../../../Engine/Content/EngineMaterials/Widget3DPassThrough_Masked_OneSided.uasset" 556
"../../../Engine/Content/EngineMaterials/Widget3DPassThrough_Masked_OneSided.uexp" 557
"../../../Engine/Content/EngineMaterials/Widget3DPassThrough_Masked.uasset" 558
"../../../Engine/Content/EngineMaterials/Widget3DPassThrough_Masked.uexp" 559
"../../../Engine/Content/EngineMaterials/STBlueNoise_vec2_128x128x64.uasset" 560
"../../../Engine/Content/EngineMaterials/STBlueNoise_vec2_128x128x64.uexp" 561
"../../../Engine/Content/EngineMaterials/STBlueNoise_scalar_128x128x64.uasset" 562
"../../../Engine/Content/EngineMaterials/STBlueNoise_scalar_128x128x64.uexp" 563
"../../../Engine/Content/EngineMaterials/RemoveSurfaceMaterial.uasset" 564
"../../../Engine/Content/EngineMaterials/RemoveSurfaceMaterial.uexp" 565
"../../../Engine/Content/EngineMaterials/DefaultCalibrationGrayscale.uasset" 566
"../../../Engine/Content/EngineMaterials/DefaultCalibrationGrayscale.uexp" 567
"../../../Engine/Content/EngineMaterials/PPM_DefaultCalibrationGrayscale.uasset" 568
"../../../Engine/Content/EngineMaterials/PPM_DefaultCalibrationGrayscale.uexp" 569
"../../../Engine/Content/EngineMaterials/DefaultCalibrationColor.uasset" 570
"../../../Engine/Content/EngineMaterials/DefaultCalibrationColor.uexp" 571
"../../../Engine/Content/EngineMaterials/PPM_DefaultCalibrationColor.uasset" 572
"../../../Engine/Content/EngineMaterials/PPM_DefaultCalibrationColor.uexp" 573
"../../../Engine/Content/EngineMaterials/PhAT_JointLimitMaterial.uasset" 574
"../../../Engine/Content/EngineMaterials/PhAT_JointLimitMaterial.uexp" 575
"../../../Engine/Content/EngineMaterials/NaniteHiddenSectionMaterial.uasset" 576
"../../../Engine/Content/EngineMaterials/NaniteHiddenSectionMaterial.uexp" 577
"../../../Engine/Content/EngineMaterials/InvalidLightmapSettings.ubulk" 578
"../../../Engine/Content/EngineMaterials/InvalidLightmapSettings.uasset" 579
"../../../Engine/Content/EngineMaterials/InvalidLightmapSettings.uexp" 580
"../../../Engine/Content/EngineMaterials/M_InvalidLightmapSettings.uasset" 581
"../../../Engine/Content/EngineMaterials/M_InvalidLightmapSettings.uexp" 582
"../../../Engine/Content/EngineMaterials/GizmoMaterial.uasset" 583
"../../../Engine/Content/EngineMaterials/GizmoMaterial.uexp" 584
"../../../Engine/Content/EngineMaterials/BaseFlattenEmissiveMap_VT.uasset" 585
"../../../Engine/Content/EngineMaterials/BaseFlattenEmissiveMap_VT.uexp" 586
"../../../Engine/Content/EngineMaterials/BaseFlattenGrayscaleMap_VT.uasset" 587
"../../../Engine/Content/EngineMaterials/BaseFlattenGrayscaleMap_VT.uexp" 588
"../../../Engine/Content/EngineMaterials/BaseFlattenLinearColor_VT.uasset" 589
"../../../Engine/Content/EngineMaterials/BaseFlattenLinearColor_VT.uexp" 590
"../../../Engine/Content/EngineMaterials/Black_1x1_EXR_Texture_VT.uasset" 591
"../../../Engine/Content/EngineMaterials/Black_1x1_EXR_Texture_VT.uexp" 592
"../../../Engine/Content/EngineMaterials/BaseFlattenDiffuseMap_VT.uasset" 593
"../../../Engine/Content/EngineMaterials/BaseFlattenDiffuseMap_VT.uexp" 594
"../../../Engine/Content/EngineMaterials/BaseFlattenNormalMap_VT.uasset" 595
"../../../Engine/Content/EngineMaterials/BaseFlattenNormalMap_VT.uexp" 596
"../../../Engine/Content/EngineMaterials/FlattenMaterial_VT.uasset" 597
"../../../Engine/Content/EngineMaterials/FlattenMaterial_VT.uexp" 598
"../../../Engine/Content/EngineMaterials/BaseFlattenNormalMap.uasset" 599
"../../../Engine/Content/EngineMaterials/BaseFlattenNormalMap.uexp" 600
"../../../Engine/Content/EngineMaterials/BaseFlattenGrayscaleMap.uasset" 601
"../../../Engine/Content/EngineMaterials/BaseFlattenGrayscaleMap.uexp" 602
"../../../Engine/Content/EngineMaterials/BaseFlattenDiffuseMap.uasset" 603
"../../../Engine/Content/EngineMaterials/BaseFlattenDiffuseMap.uexp" 604
"../../../Engine/Content/Functions/Engine_MaterialFunctions02/PivotPainter2/Black_1x1_EXR_Texture.uasset" 605
"../../../Engine/Content/Functions/Engine_MaterialFunctions02/PivotPainter2/Black_1x1_EXR_Texture.uexp" 606
"../../../Engine/Content/EngineMaterials/BaseFlattenEmissiveMap.uasset" 607
"../../../Engine/Content/EngineMaterials/BaseFlattenEmissiveMap.uexp" 608
"../../../Engine/Content/EngineMaterials/BaseFlattenLinearColor.uasset" 609
"../../../Engine/Content/EngineMaterials/BaseFlattenLinearColor.uexp" 610
"../../../Engine/Content/EngineMaterials/FlattenMaterial.uasset" 611
"../../../Engine/Content/EngineMaterials/FlattenMaterial.uexp" 612
"../../../Engine/Content/EngineMaterials/DefaultWhiteGrid_Low.uasset" 613
"../../../Engine/Content/EngineMaterials/DefaultWhiteGrid_Low.uexp" 614
"../../../Engine/Content/EngineMaterials/EmissiveMeshMaterial.uasset" 615
"../../../Engine/Content/EngineMaterials/EmissiveMeshMaterial.uexp" 616
"../../../Engine/Content/EngineFonts/RobotoDistanceField.uasset" 617
"../../../Engine/Content/EngineFonts/RobotoDistanceField.uexp" 618
"../../../Engine/Content/EngineMaterials/DefaultTextMaterialOpaque.uasset" 619
"../../../Engine/Content/EngineMaterials/DefaultTextMaterialOpaque.uexp" 620
"../../../Engine/Content/EngineMaterials/DefaultDiffuse.ubulk" 621
"../../../Engine/Content/EngineMaterials/DefaultDiffuse.uasset" 622
"../../../Engine/Content/EngineMaterials/DefaultDiffuse.uexp" 623
"../../../Engine/Content/Functions/Engine_MaterialFunctions02/Utility/BreakOutFloat2Components.uasset" 624
"../../../Engine/Content/Functions/Engine_MaterialFunctions02/Utility/BreakOutFloat2Components.uexp" 625
"../../../Engine/Content/EngineMaterials/DefaultPostProcessMaterial.uasset" 626
"../../../Engine/Content/EngineMaterials/DefaultPostProcessMaterial.uexp" 627
"../../../Engine/Content/EngineMaterials/DefaultLightFunctionMaterial.uasset" 628
"../../../Engine/Content/EngineMaterials/DefaultLightFunctionMaterial.uexp" 629
"../../../Engine/Content/EngineMaterials/DefaultDestructiblePhysicalMaterial.uasset" 630
"../../../Engine/Content/EngineMaterials/DefaultDestructiblePhysicalMaterial.uexp" 631
"../../../Engine/Content/EngineMaterials/DefaultDeferredDecalMaterial.uasset" 632
"../../../Engine/Content/EngineMaterials/DefaultDeferredDecalMaterial.uexp" 633
"../../../Engine/Content/EngineMaterials/DefaultBloomKernel.uasset" 634
"../../../Engine/Content/EngineMaterials/DefaultBloomKernel.uexp" 635
"../../../Engine/Content/EngineFonts/Faces/RobotoLight.uexp" 636
"../../../Engine/Content/EngineFonts/Faces/RobotoLight.uasset" 637
"../../../Engine/Content/EngineFonts/Faces/RobotoLight.ufont" 638
"../../../Engine/Content/EngineFonts/Faces/RobotoBold.uexp" 639
"../../../Engine/Content/EngineFonts/Faces/RobotoBold.uasset" 640
"../../../Engine/Content/EngineFonts/Faces/RobotoBold.ufont" 641
"../../../Engine/Content/EngineFonts/Faces/RobotoRegular.uexp" 642
"../../../Engine/Content/EngineFonts/Faces/RobotoRegular.uasset" 643
"../../../Engine/Content/EngineFonts/Faces/RobotoRegular.ufont" 644
"../../../Engine/Content/EngineFonts/Faces/DroidSansFallback.uexp" 645
"../../../Engine/Content/EngineFonts/Faces/DroidSansFallback.uasset" 646
"../../../Engine/Content/EngineFonts/Faces/DroidSansFallback.ufont" 647
"../../../Engine/Content/EngineFonts/Faces/RobotoItalic.uexp" 648
"../../../Engine/Content/EngineFonts/Faces/RobotoItalic.uasset" 649
"../../../Engine/Content/EngineFonts/Faces/RobotoItalic.ufont" 650
"../../../Engine/Content/EngineFonts/Faces/RobotoBoldItalic.uexp" 651
"../../../Engine/Content/EngineFonts/Faces/RobotoBoldItalic.uasset" 652
"../../../Engine/Content/EngineFonts/Faces/RobotoBoldItalic.ufont" 653
"../../../Engine/Content/EngineFonts/Roboto.uasset" 654
"../../../Engine/Content/EngineFonts/Roboto.uexp" 655
"../../../Engine/Content/EngineDebugMaterials/VolumeToRender.uasset" 656
"../../../Engine/Content/EngineDebugMaterials/VolumeToRender.uexp" 657
"../../../Engine/Content/EngineDebugMaterials/M_VolumeRenderSphereTracePP.uasset" 658
"../../../Engine/Content/EngineDebugMaterials/M_VolumeRenderSphereTracePP.uexp" 659
"../../../Engine/Content/EngineDebugMaterials/M_SimpleUnlitTranslucent.uasset" 660
"../../../Engine/Content/EngineDebugMaterials/M_SimpleUnlitTranslucent.uexp" 661
"../../../Engine/Content/EngineDebugMaterials/DebugMeshMaterial.uasset" 662
"../../../Engine/Content/EngineDebugMaterials/DebugMeshMaterial.uexp" 663
"../../../Engine/Content/EngineDebugMaterials/DebugEditorMaterial.uasset" 664
"../../../Engine/Content/EngineDebugMaterials/DebugEditorMaterial.uexp" 665
"../../../Engine/Content/EngineDamageTypes/DmgTypeBP_Environmental.uasset" 666
"../../../Engine/Content/EngineDamageTypes/DmgTypeBP_Environmental.uexp" 667
"../../../Engine/Content/EditorResources/S_Terrain.ubulk" 668
"../../../Engine/Content/EditorResources/S_Terrain.uasset" 669
"../../../Engine/Content/EditorResources/S_Terrain.uexp" 670
"../../../Engine/Content/EditorResources/EmptyActor.uasset" 671
"../../../Engine/Content/EditorResources/EmptyActor.uexp" 672
"../../../Engine/Content/EditorResources/BSPVertex.uasset" 673
"../../../Engine/Content/EditorResources/BSPVertex.uexp" 674
"../../../Engine/Content/EditorMaterials/PreviewShadowIndicator.ubulk" 675
"../../../Engine/Content/EditorMaterials/PreviewShadowIndicator.uasset" 676
"../../../Engine/Content/EditorMaterials/PreviewShadowIndicator.uexp" 677
"../../../Engine/Content/EditorMaterials/PreviewShadowIndicatorMaterial.uasset" 678
"../../../Engine/Content/EditorMaterials/PreviewShadowIndicatorMaterial.uexp" 679
"../../../Engine/Content/EditorMaterials/PhAT_UnselectedMaterial.uasset" 680
"../../../Engine/Content/EditorMaterials/PhAT_UnselectedMaterial.uexp" 681
"../../../Engine/Content/EditorLandscapeResources/DefaultAlphaTexture.uasset" 682
"../../../Engine/Content/EditorLandscapeResources/DefaultAlphaTexture.uexp" 683
"../../../Engine/Content/EditorLandscapeResources/DataLayer.uasset" 684
"../../../Engine/Content/EditorLandscapeResources/DataLayer.uexp" 685
"../../../Engine/Content/EngineMaterials/DefaultMaterial.uasset" 686
"../../../Engine/Content/EngineMaterials/DefaultMaterial.uexp" 687
"../../../Engine/Content/BasicShapes/Sphere.ubulk" 688
"../../../Engine/Content/BasicShapes/Sphere.uasset" 689
"../../../Engine/Content/BasicShapes/Sphere.uexp" 690
"../../../Engine/Content/BasicShapes/Cylinder.ubulk" 691
"../../../Engine/Content/BasicShapes/Cylinder.uasset" 692
"../../../Engine/Content/BasicShapes/Cylinder.uexp" 693
"../../../Engine/Content/BasicShapes/Cone.ubulk" 694
"../../../Engine/Content/BasicShapes/Cone.uasset" 695
"../../../Engine/Content/BasicShapes/Cone.uexp" 696
"../../../Engine/Content/BasicShapes/BasicShapeMaterial.uasset" 697
"../../../Engine/Content/BasicShapes/BasicShapeMaterial.uexp" 698
"../../../Engine/Content/Animation/DefaultVariableFrameStrippingSettings.uasset" 699
"../../../Engine/Content/Animation/DefaultVariableFrameStrippingSettings.uexp" 700
"../../../Engine/Content/Animation/DefaultRecorderBoneCompression.uasset" 701
"../../../Engine/Content/Animation/DefaultRecorderBoneCompression.uexp" 702
"../../../Engine/Plugins/Interchange/Runtime/Content/gltf/MaterialFunctions/MF_RotateV2.uasset" 703
"../../../Engine/Plugins/Interchange/Runtime/Content/gltf/MaterialFunctions/MF_RotateV2.uexp" 704
"../../../Engine/Plugins/Interchange/Runtime/Content/gltf/MaterialFunctions/MF_TransformUVs.uasset" 705
"../../../Engine/Plugins/Interchange/Runtime/Content/gltf/MaterialFunctions/MF_TransformUVs.uexp" 706
"../../../Engine/Plugins/Interchange/Runtime/Content/gltf/Textures/T_White_srgb.uasset" 707
"../../../Engine/Plugins/Interchange/Runtime/Content/gltf/Textures/T_White_srgb.uexp" 708
"../../../Engine/Plugins/Interchange/Runtime/Content/gltf/MaterialFunctions/MF_BaseColor.uasset" 709
"../../../Engine/Plugins/Interchange/Runtime/Content/gltf/MaterialFunctions/MF_BaseColor.uexp" 710
"../../../Engine/Plugins/Interchange/Runtime/Content/gltf/MaterialBodies/MF_Unlit_Body.uasset" 711
"../../../Engine/Plugins/Interchange/Runtime/Content/gltf/MaterialBodies/MF_Unlit_Body.uexp" 712
"../../../Engine/Plugins/Interchange/Runtime/Content/gltf/M_Unlit.uasset" 713
"../../../Engine/Plugins/Interchange/Runtime/Content/gltf/M_Unlit.uexp" 714
"../../../Engine/Plugins/Interchange/Runtime/Content/gltf/MaterialInstances/MI_Unlit_Opaque_DS.uasset" 715
"../../../Engine/Plugins/Interchange/Runtime/Content/gltf/MaterialInstances/MI_Unlit_Opaque_DS.uexp" 716
"../../../Engine/Plugins/Interchange/Runtime/Content/gltf/MaterialInstances/MI_Unlit_Opaque.uasset" 717
"../../../Engine/Plugins/Interchange/Runtime/Content/gltf/MaterialInstances/MI_Unlit_Opaque.uexp" 718
"../../../Engine/Plugins/Interchange/Runtime/Content/gltf/MaterialInstances/MI_Unlit_Mask_DS.uasset" 719
"../../../Engine/Plugins/Interchange/Runtime/Content/gltf/MaterialInstances/MI_Unlit_Mask_DS.uexp" 720
"../../../Engine/Plugins/Interchange/Runtime/Content/gltf/MaterialInstances/MI_Unlit_Mask.uasset" 721
"../../../Engine/Plugins/Interchange/Runtime/Content/gltf/MaterialInstances/MI_Unlit_Mask.uexp" 722
"../../../Engine/Plugins/Interchange/Runtime/Content/gltf/MaterialInstances/MI_Unlit_Blend_DS.uasset" 723
"../../../Engine/Plugins/Interchange/Runtime/Content/gltf/MaterialInstances/MI_Unlit_Blend_DS.uexp" 724
"../../../Engine/Plugins/Interchange/Runtime/Content/gltf/MaterialInstances/MI_Unlit_Blend.uasset" 725
"../../../Engine/Plugins/Interchange/Runtime/Content/gltf/MaterialInstances/MI_Unlit_Blend.uexp" 726
"../../../Engine/Plugins/Interchange/Runtime/Content/gltf/MaterialFunctions/MF_Iridescence.uasset" 727
"../../../Engine/Plugins/Interchange/Runtime/Content/gltf/MaterialFunctions/MF_Iridescence.uexp" 728
"../../../Engine/Plugins/Interchange/Runtime/Content/gltf/Textures/T_White_Linear.uasset" 729
"../../../Engine/Plugins/Interchange/Runtime/Content/gltf/Textures/T_White_Linear.uexp" 730
"../../../Engine/Plugins/Interchange/Runtime/Content/gltf/MaterialFunctions/MF_MetallicRoughness.uasset" 731
"../../../Engine/Plugins/Interchange/Runtime/Content/gltf/MaterialFunctions/MF_MetallicRoughness.uexp" 732
"../../../Engine/Plugins/Interchange/Runtime/Content/gltf/MaterialFunctions/MF_Transmission.uasset" 733
"../../../Engine/Plugins/Interchange/Runtime/Content/gltf/MaterialFunctions/MF_Transmission.uexp" 734
"../../../Engine/Plugins/Interchange/Runtime/Content/gltf/MaterialFunctions/MF_Occlusion.uasset" 735
"../../../Engine/Plugins/Interchange/Runtime/Content/gltf/MaterialFunctions/MF_Occlusion.uexp" 736
"../../../Engine/Plugins/Interchange/Runtime/Content/gltf/MaterialFunctions/MF_Specular.uasset" 737
"../../../Engine/Plugins/Interchange/Runtime/Content/gltf/MaterialFunctions/MF_Specular.uexp" 738
"../../../Engine/Plugins/Interchange/Runtime/Content/gltf/MaterialFunctions/MF_IOR.uasset" 739
"../../../Engine/Plugins/Interchange/Runtime/Content/gltf/MaterialFunctions/MF_IOR.uexp" 740
"../../../Engine/Plugins/Interchange/Runtime/Content/gltf/MaterialFunctions/MF_RotateNormals_TS.uasset" 741
"../../../Engine/Plugins/Interchange/Runtime/Content/gltf/MaterialFunctions/MF_RotateNormals_TS.uexp" 742
"../../../Engine/Plugins/Interchange/Runtime/Content/gltf/Textures/T_Generic_N.uasset" 743
"../../../Engine/Plugins/Interchange/Runtime/Content/gltf/Textures/T_Generic_N.uexp" 744
"../../../Engine/Plugins/Interchange/Runtime/Content/gltf/MaterialFunctions/MF_Normals.uasset" 745
"../../../Engine/Plugins/Interchange/Runtime/Content/gltf/MaterialFunctions/MF_Normals.uexp" 746
"../../../Engine/Plugins/Interchange/Runtime/Content/gltf/MaterialBodies/MF_Transmission_Body.uasset" 747
"../../../Engine/Plugins/Interchange/Runtime/Content/gltf/MaterialBodies/MF_Transmission_Body.uexp" 748
"../../../Engine/Plugins/Interchange/Runtime/Content/gltf/M_Transmission.uasset" 749
"../../../Engine/Plugins/Interchange/Runtime/Content/gltf/M_Transmission.uexp" 750
"../../../Engine/Plugins/Interchange/Runtime/Content/gltf/MaterialInstances/MI_Transmission_DS.uasset" 751
"../../../Engine/Plugins/Interchange/Runtime/Content/gltf/MaterialInstances/MI_Transmission_DS.uexp" 752
"../../../Engine/Plugins/Interchange/Runtime/Content/gltf/MaterialInstances/MI_Transmission.uasset" 753
"../../../Engine/Plugins/Interchange/Runtime/Content/gltf/MaterialInstances/MI_Transmission.uexp" 754
"../../../Engine/Plugins/Interchange/Runtime/Content/gltf/MaterialFunctions/MF_DiffuseSpecGloss.uasset" 755
"../../../Engine/Plugins/Interchange/Runtime/Content/gltf/MaterialFunctions/MF_DiffuseSpecGloss.uexp" 756
"../../../Engine/Content/Functions/Engine_MaterialFunctions02/Math/AddComponents.uasset" 757
"../../../Engine/Content/Functions/Engine_MaterialFunctions02/Math/AddComponents.uexp" 758
"../../../Engine/Plugins/Interchange/Runtime/Content/gltf/MaterialFunctions/MF_PerceivedBrightness.uasset" 759
"../../../Engine/Plugins/Interchange/Runtime/Content/gltf/MaterialFunctions/MF_PerceivedBrightness.uexp" 760
"../../../Engine/Plugins/Interchange/Runtime/Content/gltf/MaterialFunctions/MF_Emissive.uasset" 761
"../../../Engine/Plugins/Interchange/Runtime/Content/gltf/MaterialFunctions/MF_Emissive.uexp" 762
"../../../Engine/Plugins/Interchange/Runtime/Content/gltf/MaterialFunctions/MF_SpecGlossToMetalRoughness.uasset" 763
"../../../Engine/Plugins/Interchange/Runtime/Content/gltf/MaterialFunctions/MF_SpecGlossToMetalRoughness.uexp" 764
"../../../Engine/Plugins/Interchange/Runtime/Content/gltf/MaterialBodies/MF_SpecularGlossiness_Body.uasset" 765
"../../../Engine/Plugins/Interchange/Runtime/Content/gltf/MaterialBodies/MF_SpecularGlossiness_Body.uexp" 766
"../../../Engine/Plugins/Interchange/Runtime/Content/gltf/M_SpecularGlossiness.uasset" 767
"../../../Engine/Plugins/Interchange/Runtime/Content/gltf/M_SpecularGlossiness.uexp" 768
"../../../Engine/Plugins/Interchange/Runtime/Content/gltf/MaterialInstances/MI_SpecularGlossiness_Opaque_DS.uasset" 769
"../../../Engine/Plugins/Interchange/Runtime/Content/gltf/MaterialInstances/MI_SpecularGlossiness_Opaque_DS.uexp" 770
"../../../Engine/Plugins/Interchange/Runtime/Content/gltf/MaterialInstances/MI_SpecularGlossiness_Opaque.uasset" 771
"../../../Engine/Plugins/Interchange/Runtime/Content/gltf/MaterialInstances/MI_SpecularGlossiness_Opaque.uexp" 772
"../../../Engine/Plugins/Interchange/Runtime/Content/gltf/MaterialInstances/MI_SpecularGlossiness_Mask_DS.uasset" 773
"../../../Engine/Plugins/Interchange/Runtime/Content/gltf/MaterialInstances/MI_SpecularGlossiness_Mask_DS.uexp" 774
"../../../Engine/Plugins/Interchange/Runtime/Content/gltf/MaterialInstances/MI_SpecularGlossiness_Mask.uasset" 775
"../../../Engine/Plugins/Interchange/Runtime/Content/gltf/MaterialInstances/MI_SpecularGlossiness_Mask.uexp" 776
"../../../Engine/Plugins/Interchange/Runtime/Content/gltf/MaterialInstances/MI_SpecularGlossiness_Blend_DS.uasset" 777
"../../../Engine/Plugins/Interchange/Runtime/Content/gltf/MaterialInstances/MI_SpecularGlossiness_Blend_DS.uexp" 778
"../../../Engine/Plugins/Interchange/Runtime/Content/gltf/MaterialInstances/MI_SpecularGlossiness_Blend.uasset" 779
"../../../Engine/Plugins/Interchange/Runtime/Content/gltf/MaterialInstances/MI_SpecularGlossiness_Blend.uexp" 780
"../../../Engine/Plugins/Interchange/Runtime/Content/gltf/MaterialFunctions/MF_Sheen.uasset" 781
"../../../Engine/Plugins/Interchange/Runtime/Content/gltf/MaterialFunctions/MF_Sheen.uexp" 782
"../../../Engine/Plugins/Interchange/Runtime/Content/gltf/MaterialBodies/MF_Sheen_Body.uasset" 783
"../../../Engine/Plugins/Interchange/Runtime/Content/gltf/MaterialBodies/MF_Sheen_Body.uexp" 784
"../../../Engine/Plugins/Interchange/Runtime/Content/gltf/M_Sheen.uasset" 785
"../../../Engine/Plugins/Interchange/Runtime/Content/gltf/M_Sheen.uexp" 786
"../../../Engine/Plugins/Interchange/Runtime/Content/gltf/MaterialInstances/MI_Sheen_Opaque_DS.uasset" 787
"../../../Engine/Plugins/Interchange/Runtime/Content/gltf/MaterialInstances/MI_Sheen_Opaque_DS.uexp" 788
"../../../Engine/Plugins/Interchange/Runtime/Content/gltf/MaterialInstances/MI_Sheen_Opaque.uasset" 789
"../../../Engine/Plugins/Interchange/Runtime/Content/gltf/MaterialInstances/MI_Sheen_Opaque.uexp" 790
"../../../Engine/Plugins/Interchange/Runtime/Content/gltf/MaterialInstances/MI_Sheen_Mask_DS.uasset" 791
"../../../Engine/Plugins/Interchange/Runtime/Content/gltf/MaterialInstances/MI_Sheen_Mask_DS.uexp" 792
"../../../Engine/Plugins/Interchange/Runtime/Content/gltf/MaterialInstances/MI_Sheen_Mask.uasset" 793
"../../../Engine/Plugins/Interchange/Runtime/Content/gltf/MaterialInstances/MI_Sheen_Mask.uexp" 794
"../../../Engine/Plugins/Interchange/Runtime/Content/gltf/MaterialInstances/MI_Sheen_Blend_DS.uasset" 795
"../../../Engine/Plugins/Interchange/Runtime/Content/gltf/MaterialInstances/MI_Sheen_Blend_DS.uexp" 796
"../../../Engine/Plugins/Interchange/Runtime/Content/gltf/MaterialInstances/MI_Sheen_Blend.uasset" 797
"../../../Engine/Plugins/Interchange/Runtime/Content/gltf/MaterialInstances/MI_Sheen_Blend.uexp" 798
"../../../Engine/Plugins/Interchange/Runtime/Content/gltf/MaterialBodies/MF_Default_Body.uasset" 799
"../../../Engine/Plugins/Interchange/Runtime/Content/gltf/MaterialBodies/MF_Default_Body.uexp" 800
"../../../Engine/Plugins/Interchange/Runtime/Content/gltf/M_Default.uasset" 801
"../../../Engine/Plugins/Interchange/Runtime/Content/gltf/M_Default.uexp" 802
"../../../Engine/Plugins/Interchange/Runtime/Content/gltf/MaterialInstances/MI_Default_Opaque_DS.uasset" 803
"../../../Engine/Plugins/Interchange/Runtime/Content/gltf/MaterialInstances/MI_Default_Opaque_DS.uexp" 804
"../../../Engine/Plugins/Interchange/Runtime/Content/gltf/MaterialInstances/MI_Default_Opaque.uasset" 805
"../../../Engine/Plugins/Interchange/Runtime/Content/gltf/MaterialInstances/MI_Default_Opaque.uexp" 806
"../../../Engine/Plugins/Interchange/Runtime/Content/gltf/MaterialInstances/MI_Default_Mask_DS.uasset" 807
"../../../Engine/Plugins/Interchange/Runtime/Content/gltf/MaterialInstances/MI_Default_Mask_DS.uexp" 808
"../../../Engine/Plugins/Interchange/Runtime/Content/gltf/MaterialInstances/MI_Default_Mask.uasset" 809
"../../../Engine/Plugins/Interchange/Runtime/Content/gltf/MaterialInstances/MI_Default_Mask.uexp" 810
"../../../Engine/Plugins/Interchange/Runtime/Content/gltf/MaterialInstances/MI_Default_Blend_DS.uasset" 811
"../../../Engine/Plugins/Interchange/Runtime/Content/gltf/MaterialInstances/MI_Default_Blend_DS.uexp" 812
"../../../Engine/Plugins/Interchange/Runtime/Content/gltf/MaterialInstances/MI_Default_Blend.uasset" 813
"../../../Engine/Plugins/Interchange/Runtime/Content/gltf/MaterialInstances/MI_Default_Blend.uexp" 814
"../../../Engine/Content/Functions/Engine_MaterialFunctions01/Texturing/FlattenNormal.uasset" 815
"../../../Engine/Content/Functions/Engine_MaterialFunctions01/Texturing/FlattenNormal.uexp" 816
"../../../Engine/Plugins/Interchange/Runtime/Content/gltf/MaterialFunctions/MF_Clearcoat.uasset" 817
"../../../Engine/Plugins/Interchange/Runtime/Content/gltf/MaterialFunctions/MF_Clearcoat.uexp" 818
"../../../Engine/Plugins/Interchange/Runtime/Content/gltf/MaterialBodies/MF_ClearCoat_Body.uasset" 819
"../../../Engine/Plugins/Interchange/Runtime/Content/gltf/MaterialBodies/MF_ClearCoat_Body.uexp" 820
"../../../Engine/Plugins/Interchange/Runtime/Content/gltf/M_ClearCoat.uasset" 821
"../../../Engine/Plugins/Interchange/Runtime/Content/gltf/M_ClearCoat.uexp" 822
"../../../Engine/Plugins/Interchange/Runtime/Content/gltf/MaterialInstances/MI_ClearCoat_Opaque_DS.uasset" 823
"../../../Engine/Plugins/Interchange/Runtime/Content/gltf/MaterialInstances/MI_ClearCoat_Opaque_DS.uexp" 824
"../../../Engine/Plugins/Interchange/Runtime/Content/gltf/MaterialInstances/MI_ClearCoat_Opaque.uasset" 825
"../../../Engine/Plugins/Interchange/Runtime/Content/gltf/MaterialInstances/MI_ClearCoat_Opaque.uexp" 826
"../../../Engine/Plugins/Interchange/Runtime/Content/gltf/MaterialInstances/MI_ClearCoat_Mask_DS.uasset" 827
"../../../Engine/Plugins/Interchange/Runtime/Content/gltf/MaterialInstances/MI_ClearCoat_Mask_DS.uexp" 828
"../../../Engine/Plugins/Interchange/Runtime/Content/gltf/MaterialInstances/MI_ClearCoat_Mask.uasset" 829
"../../../Engine/Plugins/Interchange/Runtime/Content/gltf/MaterialInstances/MI_ClearCoat_Mask.uexp" 830
"../../../Engine/Plugins/Interchange/Runtime/Content/gltf/MaterialInstances/MI_ClearCoat_Blend_DS.uasset" 831
"../../../Engine/Plugins/Interchange/Runtime/Content/gltf/MaterialInstances/MI_ClearCoat_Blend_DS.uexp" 832
"../../../Engine/Plugins/Interchange/Runtime/Content/gltf/MaterialInstances/MI_ClearCoat_Blend.uasset" 833
"../../../Engine/Plugins/Interchange/Runtime/Content/gltf/MaterialInstances/MI_ClearCoat_Blend.uexp" 834
"../../../Engine/Content/MobileResources/HUD/VirtualJoystick_Background.uasset" 835
"../../../Engine/Content/MobileResources/HUD/VirtualJoystick_Background.uexp" 836
"../../../Engine/Content/MobileResources/HUD/VirtualJoystick_Thumb.uasset" 837
"../../../Engine/Content/MobileResources/HUD/VirtualJoystick_Thumb.uexp" 838
"../../../Engine/Content/MobileResources/HUD/DefaultVirtualJoysticks.uasset" 839
"../../../Engine/Content/MobileResources/HUD/DefaultVirtualJoysticks.uexp" 840
"../../../Engine/Content/EngineSky/VolumetricClouds/CloudWeatherTexture.uasset" 841
"../../../Engine/Content/EngineSky/VolumetricClouds/CloudWeatherTexture.uexp" 842
"../../../Engine/Content/Functions/Engine_MaterialFunctions02/Utility/MakeFloat2.uasset" 843
"../../../Engine/Content/Functions/Engine_MaterialFunctions02/Utility/MakeFloat2.uexp" 844
"../../../Engine/Content/EngineSky/VolumetricClouds/CloudGradientTexture.uasset" 845
"../../../Engine/Content/EngineSky/VolumetricClouds/CloudGradientTexture.uexp" 846
"../../../Engine/Content/EngineSky/VolumetricClouds/T_NoiseShape64.ubulk" 847
"../../../Engine/Content/EngineSky/VolumetricClouds/T_NoiseShape64.uasset" 848
"../../../Engine/Content/EngineSky/VolumetricClouds/T_NoiseShape64.uexp" 849
"../../../Engine/Content/EngineSky/VolumetricClouds/T_VolumeNoiseShape64.uasset" 850
"../../../Engine/Content/EngineSky/VolumetricClouds/T_VolumeNoiseShape64.uexp" 851
"../../../Engine/Content/EngineSky/VolumetricClouds/T_NoiseErosion.ubulk" 852
"../../../Engine/Content/EngineSky/VolumetricClouds/T_NoiseErosion.uasset" 853
"../../../Engine/Content/EngineSky/VolumetricClouds/T_NoiseErosion.uexp" 854
"../../../Engine/Content/EngineSky/VolumetricClouds/T_VolumeNoiseErosion32.uasset" 855
"../../../Engine/Content/EngineSky/VolumetricClouds/T_VolumeNoiseErosion32.uexp" 856
"../../../Engine/Content/EngineSky/VolumetricClouds/m_SimpleVolumetricCloud.uasset" 857
"../../../Engine/Content/EngineSky/VolumetricClouds/m_SimpleVolumetricCloud.uexp" 858
"../../../Engine/Content/EngineSky/VolumetricClouds/m_SimpleVolumetricCloud_Inst.uasset" 859
"../../../Engine/Content/EngineSky/VolumetricClouds/m_SimpleVolumetricCloud_Inst.uexp" 860
"../../../Engine/Content/EngineResources/FilmGrains/Marcie_Grain_v3_128_M2_000.uasset" 861
"../../../Engine/Content/EngineResources/FilmGrains/Marcie_Grain_v3_128_M2_000.uexp" 862
"../../../Engine/Content/EditorResources/SequenceRecorder/RecordingIndicator.uasset" 863
"../../../Engine/Content/EditorResources/SequenceRecorder/RecordingIndicator.uexp" 864
"../../../Engine/Content/EditorResources/SequenceRecorder/Countdown.uasset" 865
"../../../Engine/Content/EditorResources/SequenceRecorder/Countdown.uexp" 866
"../../../Engine/Content/EditorMaterials/Dataflow/DataflowVertexMaterial.uasset" 867
"../../../Engine/Content/EditorMaterials/Dataflow/DataflowVertexMaterial.uexp" 868
"../../../Engine/Content/Functions/Engine_MaterialFunctions01/Shading/PowerToRoughness.uasset" 869
"../../../Engine/Content/Functions/Engine_MaterialFunctions01/Shading/PowerToRoughness.uexp" 870
"../../../Engine/Content/EngineMaterials/Substrate/Volume/SubstrateSimpleVolumeLUT3D.uasset" 871
"../../../Engine/Content/EngineMaterials/Substrate/Volume/SubstrateSimpleVolumeLUT3D.uexp" 872
"../../../Engine/Content/EngineMaterials/Substrate/Volume/SubstrateSimpleVolumeEnvLUT3D.uasset" 873
"../../../Engine/Content/EngineMaterials/Substrate/Volume/SubstrateSimpleVolumeEnvLUT3D.uexp" 874
"../../../Engine/Content/EngineMaterials/Substrate/GLints2/AGlintTex2dArray2.uasset" 875
"../../../Engine/Content/EngineMaterials/Substrate/GLints2/AGlintTex2dArray2.uexp" 876
"../../../Engine/Content/BasicShapes/Cube.ubulk" 877
"../../../Engine/Content/BasicShapes/Cube.uasset" 878
"../../../Engine/Content/BasicShapes/Cube.uexp" 879
"../../../Engine/Content/Functions/Engine_MaterialFunctions01/Shading/ConvertFromDiffSpec.uasset" 880
"../../../Engine/Content/Functions/Engine_MaterialFunctions01/Shading/ConvertFromDiffSpec.uexp" 881
"../../../Engine/Content/EngineMaterials/DefaultNormal.ubulk" 882
"../../../Engine/Content/EngineMaterials/DefaultNormal.uasset" 883
"../../../Engine/Content/EngineMaterials/DefaultNormal.uexp" 884
"../../../Engine/Content/EngineDebugMaterials/LightingModels/M_TextureDefinedSpecularReflecti.uasset" 885
"../../../Engine/Content/EngineDebugMaterials/LightingModels/M_TextureDefinedSpecularReflecti.uexp" 886
"C:/Users/Barti/source/repos/UnrealEngine5Projects/FinalSnakeUE5/Content/Blueprints/Walls/BP_Wall.uasset" 887
"C:/Users/Barti/source/repos/UnrealEngine5Projects/FinalSnakeUE5/Content/Blueprints/Walls/BP_Wall.uexp" 888
"../../../Engine/Content/EngineMaterials/FlattenMaterial_WS_Normal_VT.uasset" 889
"../../../Engine/Content/EngineMaterials/FlattenMaterial_WS_Normal_VT.uexp" 890
"../../../Engine/Content/OpenWorldTemplate/HLOD/HLOD0_Instancing.uasset" 891
"../../../Engine/Content/OpenWorldTemplate/HLOD/HLOD0_Instancing.uexp" 892
"../../../Engine/Content/EngineMaterials/DefaultPhysicalMaterial.uasset" 893
"../../../Engine/Content/EngineMaterials/DefaultPhysicalMaterial.uexp" 894
"../../../Engine/Content/EngineMaterials/BlendFunc_DefBlend.uasset" 895
"../../../Engine/Content/EngineMaterials/BlendFunc_DefBlend.uexp" 896
"../../../Engine/Content/OpenWorldTemplate/LandscapeMaterial/T_GridChecker_A.ubulk" 897
"../../../Engine/Content/OpenWorldTemplate/LandscapeMaterial/T_GridChecker_A.uasset" 898
"../../../Engine/Content/OpenWorldTemplate/LandscapeMaterial/T_GridChecker_A.uexp" 899
"../../../Engine/Content/EngineMaterials/BlendFunc_DefBase.uasset" 900
"../../../Engine/Content/EngineMaterials/BlendFunc_DefBase.uexp" 901
"../../../Engine/Content/Functions/Engine_MaterialFunctions03/Blends/Blend_Overlay.uasset" 902
"../../../Engine/Content/Functions/Engine_MaterialFunctions03/Blends/Blend_Overlay.uexp" 903
"../../../Engine/Content/Functions/Engine_MaterialFunctions01/Gradient/LinearGradient.uasset" 904
"../../../Engine/Content/Functions/Engine_MaterialFunctions01/Gradient/LinearGradient.uexp" 905
"../../../Engine/Content/Functions/Engine_MaterialFunctions01/ImageAdjustment/CheapContrast.uasset" 906
"../../../Engine/Content/Functions/Engine_MaterialFunctions01/ImageAdjustment/CheapContrast.uexp" 907
"../../../Engine/Content/OpenWorldTemplate/LandscapeMaterial/MF_ProcGrid.uasset" 908
"../../../Engine/Content/OpenWorldTemplate/LandscapeMaterial/MF_ProcGrid.uexp" 909
"../../../Engine/Content/OpenWorldTemplate/LandscapeMaterial/M_ProcGrid.uasset" 910
"../../../Engine/Content/OpenWorldTemplate/LandscapeMaterial/M_ProcGrid.uexp" 911
"../../../Engine/Content/VREditor/Devices/Vive/M_ViveControllerTrim.uasset" 912
"../../../Engine/Content/VREditor/Devices/Vive/M_ViveControllerTrim.uexp" 913
"C:/Users/Barti/source/repos/UnrealEngine5Projects/FinalSnakeUE5/Content/Blueprints/Walls/BP_PortalWall.uasset" 914
"C:/Users/Barti/source/repos/UnrealEngine5Projects/FinalSnakeUE5/Content/Blueprints/Walls/BP_PortalWall.uexp" 915
"../../../Engine/Content/BasicShapes/Plane.ubulk" 916
"../../../Engine/Content/BasicShapes/Plane.uasset" 917
"../../../Engine/Content/BasicShapes/Plane.uexp" 918
"C:/Users/Barti/source/repos/UnrealEngine5Projects/FinalSnakeUE5/Content/Blueprints/Assets/Bonus/SpeedUpAndDown/ColorOfSpeedDown.uasset" 919
"C:/Users/Barti/source/repos/UnrealEngine5Projects/FinalSnakeUE5/Content/Blueprints/Assets/Bonus/SpeedUpAndDown/ColorOfSpeedDown.uexp" 920
"C:/Users/Barti/source/repos/UnrealEngine5Projects/FinalSnakeUE5/Content/Blueprints/Assets/Bonus/SpeedUpAndDown/ArrowSlowDown.ubulk" 921
"C:/Users/Barti/source/repos/UnrealEngine5Projects/FinalSnakeUE5/Content/Blueprints/Assets/Bonus/SpeedUpAndDown/ArrowSlowDown.uasset" 922
"C:/Users/Barti/source/repos/UnrealEngine5Projects/FinalSnakeUE5/Content/Blueprints/Assets/Bonus/SpeedUpAndDown/ArrowSlowDown.uexp" 923
"C:/Users/Barti/source/repos/UnrealEngine5Projects/FinalSnakeUE5/Content/Blueprints/Assets/Icon/SlowDownIcon.uasset" 924
"C:/Users/Barti/source/repos/UnrealEngine5Projects/FinalSnakeUE5/Content/Blueprints/Assets/Icon/SlowDownIcon.uexp" 925
"C:/Users/Barti/source/repos/UnrealEngine5Projects/FinalSnakeUE5/Content/Blueprints/Foods/BP_FoodDecelerationBonus.uasset" 926
"C:/Users/Barti/source/repos/UnrealEngine5Projects/FinalSnakeUE5/Content/Blueprints/Foods/BP_FoodDecelerationBonus.uexp" 927
"C:/Users/Barti/source/repos/UnrealEngine5Projects/FinalSnakeUE5/Content/Blueprints/Assets/RedApple/AppleTex.uasset" 928
"C:/Users/Barti/source/repos/UnrealEngine5Projects/FinalSnakeUE5/Content/Blueprints/Assets/RedApple/AppleTex.uexp" 929
"C:/Users/Barti/source/repos/UnrealEngine5Projects/FinalSnakeUE5/Content/Blueprints/Assets/RedApple/shiny_apple.uasset" 930
"C:/Users/Barti/source/repos/UnrealEngine5Projects/FinalSnakeUE5/Content/Blueprints/Assets/RedApple/shiny_apple.uexp" 931
"C:/Users/Barti/source/repos/UnrealEngine5Projects/FinalSnakeUE5/Content/Blueprints/Assets/RedApple/Material__2.uasset" 932
"C:/Users/Barti/source/repos/UnrealEngine5Projects/FinalSnakeUE5/Content/Blueprints/Assets/RedApple/Material__2.uexp" 933
"C:/Users/Barti/source/repos/UnrealEngine5Projects/FinalSnakeUE5/Content/Blueprints/Assets/RedApple/apple_fbx.ubulk" 934
"C:/Users/Barti/source/repos/UnrealEngine5Projects/FinalSnakeUE5/Content/Blueprints/Assets/RedApple/apple_fbx.uasset" 935
"C:/Users/Barti/source/repos/UnrealEngine5Projects/FinalSnakeUE5/Content/Blueprints/Assets/RedApple/apple_fbx.uexp" 936
"C:/Users/Barti/source/repos/UnrealEngine5Projects/FinalSnakeUE5/Content/Blueprints/Foods/BP_FoodFromTheWall.uasset" 937
"C:/Users/Barti/source/repos/UnrealEngine5Projects/FinalSnakeUE5/Content/Blueprints/Foods/BP_FoodFromTheWall.uexp" 938
"../../../Engine/Content/EditorMaterials/PhAT_NoCollisionMaterial.uasset" 939
"../../../Engine/Content/EditorMaterials/PhAT_NoCollisionMaterial.uexp" 940
"C:/Users/Barti/source/repos/UnrealEngine5Projects/FinalSnakeUE5/Content/Blueprints/Walls/BP_SoftWall.uasset" 941
"C:/Users/Barti/source/repos/UnrealEngine5Projects/FinalSnakeUE5/Content/Blueprints/Walls/BP_SoftWall.uexp" 942
"C:/Users/Barti/source/repos/UnrealEngine5Projects/FinalSnakeUE5/Content/Blueprints/Assets/GreenApple/Green_Apple_Basecolor.ubulk" 943
"C:/Users/Barti/source/repos/UnrealEngine5Projects/FinalSnakeUE5/Content/Blueprints/Assets/GreenApple/Green_Apple_Basecolor.uasset" 944
"C:/Users/Barti/source/repos/UnrealEngine5Projects/FinalSnakeUE5/Content/Blueprints/Assets/GreenApple/Green_Apple_Basecolor.uexp" 945
"C:/Users/Barti/source/repos/UnrealEngine5Projects/FinalSnakeUE5/Content/Blueprints/Assets/GreenApple/Green_Apple_Roughness.ubulk" 946
"C:/Users/Barti/source/repos/UnrealEngine5Projects/FinalSnakeUE5/Content/Blueprints/Assets/GreenApple/Green_Apple_Roughness.uasset" 947
"C:/Users/Barti/source/repos/UnrealEngine5Projects/FinalSnakeUE5/Content/Blueprints/Assets/GreenApple/Green_Apple_Roughness.uexp" 948
"C:/Users/Barti/source/repos/UnrealEngine5Projects/FinalSnakeUE5/Content/Blueprints/Assets/GreenApple/Green_Apple_Metallic.ubulk" 949
"C:/Users/Barti/source/repos/UnrealEngine5Projects/FinalSnakeUE5/Content/Blueprints/Assets/GreenApple/Green_Apple_Metallic.uasset" 950
"C:/Users/Barti/source/repos/UnrealEngine5Projects/FinalSnakeUE5/Content/Blueprints/Assets/GreenApple/Green_Apple_Metallic.uexp" 951
"C:/Users/Barti/source/repos/UnrealEngine5Projects/FinalSnakeUE5/Content/Blueprints/Assets/GreenApple/Green_Apple_Normal.ubulk" 952
"C:/Users/Barti/source/repos/UnrealEngine5Projects/FinalSnakeUE5/Content/Blueprints/Assets/GreenApple/Green_Apple_Normal.uasset" 953
"C:/Users/Barti/source/repos/UnrealEngine5Projects/FinalSnakeUE5/Content/Blueprints/Assets/GreenApple/Green_Apple_Normal.uexp" 954
"C:/Users/Barti/source/repos/UnrealEngine5Projects/FinalSnakeUE5/Content/Blueprints/Assets/GreenApple/M_GreenApple.uasset" 955
"C:/Users/Barti/source/repos/UnrealEngine5Projects/FinalSnakeUE5/Content/Blueprints/Assets/GreenApple/M_GreenApple.uexp" 956
"C:/Users/Barti/source/repos/UnrealEngine5Projects/FinalSnakeUE5/Content/Blueprints/Assets/GreenApple/GreenApple.ubulk" 957
"C:/Users/Barti/source/repos/UnrealEngine5Projects/FinalSnakeUE5/Content/Blueprints/Assets/GreenApple/GreenApple.uasset" 958
"C:/Users/Barti/source/repos/UnrealEngine5Projects/FinalSnakeUE5/Content/Blueprints/Assets/GreenApple/GreenApple.uexp" 959
"C:/Users/Barti/source/repos/UnrealEngine5Projects/FinalSnakeUE5/Content/Blueprints/Foods/BP_Food.uasset" 960
"C:/Users/Barti/source/repos/UnrealEngine5Projects/FinalSnakeUE5/Content/Blueprints/Foods/BP_Food.uexp" 961
"C:/Users/Barti/source/repos/UnrealEngine5Projects/FinalSnakeUE5/Content/Blueprints/Assets/BadFood/food_lychee_01_nor_gl_1k.ubulk" 962
"C:/Users/Barti/source/repos/UnrealEngine5Projects/FinalSnakeUE5/Content/Blueprints/Assets/BadFood/food_lychee_01_nor_gl_1k.uasset" 963
"C:/Users/Barti/source/repos/UnrealEngine5Projects/FinalSnakeUE5/Content/Blueprints/Assets/BadFood/food_lychee_01_nor_gl_1k.uexp" 964
"C:/Users/Barti/source/repos/UnrealEngine5Projects/FinalSnakeUE5/Content/Blueprints/Assets/BadFood/food_lychee_01_diff_1k.ubulk" 965
"C:/Users/Barti/source/repos/UnrealEngine5Projects/FinalSnakeUE5/Content/Blueprints/Assets/BadFood/food_lychee_01_diff_1k.uasset" 966
"C:/Users/Barti/source/repos/UnrealEngine5Projects/FinalSnakeUE5/Content/Blueprints/Assets/BadFood/food_lychee_01_diff_1k.uexp" 967
"C:/Users/Barti/source/repos/UnrealEngine5Projects/FinalSnakeUE5/Content/Blueprints/Assets/BadFood/food_lychee_01_rough_1k.ubulk" 968
"C:/Users/Barti/source/repos/UnrealEngine5Projects/FinalSnakeUE5/Content/Blueprints/Assets/BadFood/food_lychee_01_rough_1k.uasset" 969
"C:/Users/Barti/source/repos/UnrealEngine5Projects/FinalSnakeUE5/Content/Blueprints/Assets/BadFood/food_lychee_01_rough_1k.uexp" 970
"C:/Users/Barti/source/repos/UnrealEngine5Projects/FinalSnakeUE5/Content/Blueprints/Assets/BadFood/food_lychee_01.uasset" 971
"C:/Users/Barti/source/repos/UnrealEngine5Projects/FinalSnakeUE5/Content/Blueprints/Assets/BadFood/food_lychee_01.uexp" 972
"C:/Users/Barti/source/repos/UnrealEngine5Projects/FinalSnakeUE5/Content/Blueprints/Assets/BadFood/food_lychee_01_1k.ubulk" 973
"C:/Users/Barti/source/repos/UnrealEngine5Projects/FinalSnakeUE5/Content/Blueprints/Assets/BadFood/food_lychee_01_1k.uasset" 974
"C:/Users/Barti/source/repos/UnrealEngine5Projects/FinalSnakeUE5/Content/Blueprints/Assets/BadFood/food_lychee_01_1k.uexp" 975
"C:/Users/Barti/source/repos/UnrealEngine5Projects/FinalSnakeUE5/Content/Blueprints/Foods/BP_BadFoodFromTheWall.uasset" 976
"C:/Users/Barti/source/repos/UnrealEngine5Projects/FinalSnakeUE5/Content/Blueprints/Foods/BP_BadFoodFromTheWall.uexp" 977
"C:/Users/Barti/source/repos/UnrealEngine5Projects/FinalSnakeUE5/Content/Blueprints/Assets/Bonus/SpeedUpAndDown/ColorOFSpeedUP.uasset" 978
"C:/Users/Barti/source/repos/UnrealEngine5Projects/FinalSnakeUE5/Content/Blueprints/Assets/Bonus/SpeedUpAndDown/ColorOFSpeedUP.uexp" 979
"../../../Engine/Content/MaterialTemplates/PerfTricks/M_SpecularUsingDiffuse.uasset" 980
"../../../Engine/Content/MaterialTemplates/PerfTricks/M_SpecularUsingDiffuse.uexp" 981
"C:/Users/Barti/source/repos/UnrealEngine5Projects/FinalSnakeUE5/Content/Blueprints/Assets/Bonus/BonusThroughWalls.ubulk" 982
"C:/Users/Barti/source/repos/UnrealEngine5Projects/FinalSnakeUE5/Content/Blueprints/Assets/Bonus/BonusThroughWalls.uasset" 983
"C:/Users/Barti/source/repos/UnrealEngine5Projects/FinalSnakeUE5/Content/Blueprints/Assets/Bonus/BonusThroughWalls.uexp" 984
"C:/Users/Barti/source/repos/UnrealEngine5Projects/FinalSnakeUE5/Content/Blueprints/Assets/Icon/PassageWallIcon.uasset" 985
"C:/Users/Barti/source/repos/UnrealEngine5Projects/FinalSnakeUE5/Content/Blueprints/Assets/Icon/PassageWallIcon.uexp" 986
"C:/Users/Barti/source/repos/UnrealEngine5Projects/FinalSnakeUE5/Content/Blueprints/Foods/BP_BonusFoodPassageThroughWalls.uasset" 987
"C:/Users/Barti/source/repos/UnrealEngine5Projects/FinalSnakeUE5/Content/Blueprints/Foods/BP_BonusFoodPassageThroughWalls.uexp" 988
"C:/Users/Barti/source/repos/UnrealEngine5Projects/FinalSnakeUE5/Content/Blueprints/Assets/Bonus/SpeedUpAndDown/ArrowSpeedUP.ubulk" 989
"C:/Users/Barti/source/repos/UnrealEngine5Projects/FinalSnakeUE5/Content/Blueprints/Assets/Bonus/SpeedUpAndDown/ArrowSpeedUP.uasset" 990
"C:/Users/Barti/source/repos/UnrealEngine5Projects/FinalSnakeUE5/Content/Blueprints/Assets/Bonus/SpeedUpAndDown/ArrowSpeedUP.uexp" 991
"C:/Users/Barti/source/repos/UnrealEngine5Projects/FinalSnakeUE5/Content/Blueprints/Assets/Icon/SpeedUpIcon.uasset" 992
"C:/Users/Barti/source/repos/UnrealEngine5Projects/FinalSnakeUE5/Content/Blueprints/Assets/Icon/SpeedUpIcon.uexp" 993
"C:/Users/Barti/source/repos/UnrealEngine5Projects/FinalSnakeUE5/Content/Blueprints/Foods/BP_FoodAccelirationBonus.uasset" 994
"C:/Users/Barti/source/repos/UnrealEngine5Projects/FinalSnakeUE5/Content/Blueprints/Foods/BP_FoodAccelirationBonus.uexp" 995
"C:/Users/Barti/source/repos/UnrealEngine5Projects/FinalSnakeUE5/Content/Blueprints/BP_Ground.uasset" 996
"C:/Users/Barti/source/repos/UnrealEngine5Projects/FinalSnakeUE5/Content/Blueprints/BP_Ground.uexp" 997
"../../../Engine/Content/EngineMaterials/Substrate/GLints/AGlintTex2dArray.uasset" 998
"../../../Engine/Content/EngineMaterials/Substrate/GLints/AGlintTex2dArray.uexp" 999
"C:/Users/Barti/source/repos/UnrealEngine5Projects/FinalSnakeUE5/Content/Blueprints/Assets/Icon/SnakeIcon.uasset" 1000
"C:/Users/Barti/source/repos/UnrealEngine5Projects/FinalSnakeUE5/Content/Blueprints/Assets/Icon/SnakeIcon.uexp" 1001
"C:/Users/Barti/source/repos/UnrealEngine5Projects/FinalSnakeUE5/Content/Blueprints/UI/WBP_UIDuringTheGame.uasset" 1002
"C:/Users/Barti/source/repos/UnrealEngine5Projects/FinalSnakeUE5/Content/Blueprints/UI/WBP_UIDuringTheGame.uexp" 1003
"C:/Users/Barti/source/repos/UnrealEngine5Projects/FinalSnakeUE5/Content/Maps/SnakeWorld.uexp" 1004
"C:/Users/Barti/source/repos/UnrealEngine5Projects/FinalSnakeUE5/Content/Maps/SnakeWorld.ubulk" 1005
"C:/Users/Barti/source/repos/UnrealEngine5Projects/FinalSnakeUE5/Content/Maps/SnakeWorld.umap" 1006
"C:/Users/Barti/source/repos/UnrealEngine5Projects/FinalSnakeUE5/Content/Blueprints/UI/WPB_MainMenu.uasset" 1007
"C:/Users/Barti/source/repos/UnrealEngine5Projects/FinalSnakeUE5/Content/Blueprints/UI/WPB_MainMenu.uexp" 1008
"C:/Users/Barti/source/repos/UnrealEngine5Projects/FinalSnakeUE5/Content/Maps/MainMenu.uexp" 1009
"C:/Users/Barti/source/repos/UnrealEngine5Projects/FinalSnakeUE5/Content/Maps/MainMenu.umap" 1010
"../../../Engine/Content/Maps/Entry_BuiltData.uasset" 1011
"../../../Engine/Content/Maps/Entry_BuiltData.uexp" 1012
"../../../Engine/Content/Maps/Entry.uexp" 1013
"../../../Engine/Content/Maps/Entry.umap" 1014
"C:/Users/Barti/source/repos/UnrealEngine5Projects/FinalSnakeUE5/Content/Maps/SnakeWorld/_Generated_/2GLCHPHPHD8SIETW986DZU12O.uexp" 1015
"C:/Users/Barti/source/repos/UnrealEngine5Projects/FinalSnakeUE5/Content/Maps/SnakeWorld/_Generated_/2GLCHPHPHD8SIETW986DZU12O.umap" 1016
"C:/Users/Barti/source/repos/UnrealEngine5Projects/FinalSnakeUE5/Content/Maps/SnakeWorld/_Generated_/EMCNPP46KA0WA0RTNWEVQ6ZJI.uexp" 1017
"C:/Users/Barti/source/repos/UnrealEngine5Projects/FinalSnakeUE5/Content/Maps/SnakeWorld/_Generated_/EMCNPP46KA0WA0RTNWEVQ6ZJI.umap" 1018
"C:/Users/Barti/source/repos/UnrealEngine5Projects/FinalSnakeUE5/Content/Maps/SnakeWorld/_Generated_/259JR59W4UDEVJPOGARMH44L1.uexp" 1019
"C:/Users/Barti/source/repos/UnrealEngine5Projects/FinalSnakeUE5/Content/Maps/SnakeWorld/_Generated_/259JR59W4UDEVJPOGARMH44L1.umap" 1020
"C:/Users/Barti/source/repos/UnrealEngine5Projects/FinalSnakeUE5/Content/Maps/SnakeWorld/_Generated_/AJZE3CYR51V6VCVSVRYQI65LE.uexp" 1021
"C:/Users/Barti/source/repos/UnrealEngine5Projects/FinalSnakeUE5/Content/Maps/SnakeWorld/_Generated_/AJZE3CYR51V6VCVSVRYQI65LE.umap" 1022
